2022-01-10 09:14:53.850 default [main] INFO  c.f.inspection.InspectionApplication - Starting InspectionApplication using Java 1.8.0_181 on orz-PC with PID 4744 (F:\Code\springboot\springboot\inspectionManage\target\classes started by luojin in F:\Code\springboot\springboot\inspectionManage)
2022-01-10 09:14:53.857 default [main] INFO  c.f.inspection.InspectionApplication - No active profile set, falling back to default profiles: default
2022-01-10 09:15:02.602 default [main] INFO  o.s.d.r.c.RepositoryConfigurationDelegate - Multiple Spring Data modules found, entering strict repository configuration mode!
2022-01-10 09:15:02.603 default [main] INFO  o.s.d.r.c.RepositoryConfigurationDelegate - Bootstrapping Spring Data JPA repositories in DEFAULT mode.
2022-01-10 09:15:02.665 default [main] INFO  o.s.d.r.c.RepositoryConfigurationDelegate - Finished Spring Data repository scanning in 29 ms. Found 0 JPA repository interfaces.
2022-01-10 09:15:02.789 default [main] INFO  o.s.d.r.c.RepositoryConfigurationDelegate - Multiple Spring Data modules found, entering strict repository configuration mode!
2022-01-10 09:15:02.792 default [main] INFO  o.s.d.r.c.RepositoryConfigurationDelegate - Bootstrapping Spring Data Redis repositories in DEFAULT mode.
2022-01-10 09:15:02.910 default [main] INFO  o.s.d.r.c.RepositoryConfigurationDelegate - Finished Spring Data repository scanning in 14 ms. Found 0 Redis repository interfaces.
2022-01-10 09:15:05.166 default [main] INFO  o.s.b.w.e.tomcat.TomcatWebServer - Tomcat initialized with port(s): 8080 (http)
2022-01-10 09:15:05.186 default [main] INFO  o.a.coyote.http11.Http11NioProtocol - Initializing ProtocolHandler ["http-nio-8080"]
2022-01-10 09:15:05.188 default [main] INFO  o.a.catalina.core.StandardService - Starting service [Tomcat]
2022-01-10 09:15:05.188 default [main] INFO  o.a.catalina.core.StandardEngine - Starting Servlet engine: [Apache Tomcat/9.0.54]
2022-01-10 09:15:05.343 default [main] INFO  o.a.c.c.C.[.[localhost].[/inspect] - Initializing Spring embedded WebApplicationContext
2022-01-10 09:15:05.344 default [main] INFO  o.s.b.w.s.c.ServletWebServerApplicationContext - Root WebApplicationContext: initialization completed in 11024 ms
2022-01-10 09:15:05.956 default [main] INFO  com.zaxxer.hikari.HikariDataSource - HikariPool-1 - Starting...
2022-01-10 09:15:06.370 default [main] INFO  com.zaxxer.hikari.HikariDataSource - HikariPool-1 - Start completed.
2022-01-10 09:15:06.650 default [main] INFO  o.h.jpa.internal.util.LogHelper - HHH000204: Processing PersistenceUnitInfo [name: default]
2022-01-10 09:15:07.077 default [main] INFO  org.hibernate.Version - HHH000412: Hibernate ORM core version 5.4.32.Final
2022-01-10 09:15:08.019 default [main] INFO  o.h.annotations.common.Version - HCANN000001: Hibernate Commons Annotations {5.1.2.Final}
2022-01-10 09:15:08.570 default [main] INFO  org.hibernate.dialect.Dialect - HHH000400: Using dialect: org.hibernate.dialect.MySQL57Dialect
2022-01-10 09:15:11.401 default [main] INFO  o.h.e.t.j.p.i.JtaPlatformInitiator - HHH000490: Using JtaPlatform implementation: [org.hibernate.engine.transaction.jta.platform.internal.NoJtaPlatform]
2022-01-10 09:15:11.464 default [main] INFO  o.s.o.j.LocalContainerEntityManagerFactoryBean - Initialized JPA EntityManagerFactory for persistence unit 'default'
2022-01-10 09:15:16.322 default [main] INFO  s.d.s.w.PropertySourcedRequestMappingHandlerMapping - Mapped URL path [/v2/api-docs] onto method [springfox.documentation.swagger2.web.Swagger2Controller#getDocumentation(String, HttpServletRequest)]
2022-01-10 09:15:18.823 default [main] INFO  o.a.coyote.http11.Http11NioProtocol - Starting ProtocolHandler ["http-nio-8080"]
2022-01-10 09:15:18.862 default [main] INFO  o.s.b.w.e.tomcat.TomcatWebServer - Tomcat started on port(s): 8080 (http) with context path '/inspect'
2022-01-10 09:15:18.863 default [main] INFO  s.d.s.w.p.DocumentationPluginsBootstrapper - Context refreshed
2022-01-10 09:15:19.055 default [main] INFO  s.d.s.w.p.DocumentationPluginsBootstrapper - Found 1 custom documentation plugin(s)
2022-01-10 09:15:19.134 default [main] INFO  s.d.s.w.s.ApiListingReferenceScanner - Scanning for api listing references
2022-01-10 09:15:19.727 default [main] INFO  s.d.s.w.r.o.CachingOperationNameGenerator - Generating unique operation named: queryFreqListUsingPOST_1
2022-01-10 09:15:19.734 default [main] INFO  s.d.s.w.r.o.CachingOperationNameGenerator - Generating unique operation named: updateAgesclassUsingPOST_1
2022-01-10 09:15:20.262 default [main] INFO  c.f.inspection.InspectionApplication - Started InspectionApplication in 31.532 seconds (JVM running for 35.126)
2022-01-10 11:16:15.611 default [http-nio-8080-exec-1] INFO  o.a.c.c.C.[.[localhost].[/inspect] - Initializing Spring DispatcherServlet 'dispatcherServlet'
2022-01-10 11:16:15.612 default [http-nio-8080-exec-1] INFO  o.s.web.servlet.DispatcherServlet - Initializing Servlet 'dispatcherServlet'
2022-01-10 11:16:15.614 default [http-nio-8080-exec-1] INFO  o.s.web.servlet.DispatcherServlet - Completed initialization in 1 ms
2022-01-10 11:43:47.538 default [main] INFO  c.f.inspection.InspectionApplication - Starting InspectionApplication using Java 1.8.0_181 on orz-PC with PID 9508 (F:\Code\springboot\springboot\inspectionManage\target\classes started by luojin in F:\Code\springboot\springboot\inspectionManage)
2022-01-10 11:43:47.542 default [main] INFO  c.f.inspection.InspectionApplication - No active profile set, falling back to default profiles: default
2022-01-10 11:43:49.849 default [main] INFO  o.s.d.r.c.RepositoryConfigurationDelegate - Multiple Spring Data modules found, entering strict repository configuration mode!
2022-01-10 11:43:49.850 default [main] INFO  o.s.d.r.c.RepositoryConfigurationDelegate - Bootstrapping Spring Data JPA repositories in DEFAULT mode.
2022-01-10 11:43:49.876 default [main] INFO  o.s.d.r.c.RepositoryConfigurationDelegate - Finished Spring Data repository scanning in 18 ms. Found 0 JPA repository interfaces.
2022-01-10 11:43:49.891 default [main] INFO  o.s.d.r.c.RepositoryConfigurationDelegate - Multiple Spring Data modules found, entering strict repository configuration mode!
2022-01-10 11:43:49.892 default [main] INFO  o.s.d.r.c.RepositoryConfigurationDelegate - Bootstrapping Spring Data Redis repositories in DEFAULT mode.
2022-01-10 11:43:49.913 default [main] INFO  o.s.d.r.c.RepositoryConfigurationDelegate - Finished Spring Data repository scanning in 13 ms. Found 0 Redis repository interfaces.
2022-01-10 11:43:50.516 default [main] INFO  o.s.b.w.e.tomcat.TomcatWebServer - Tomcat initialized with port(s): 8080 (http)
2022-01-10 11:43:50.524 default [main] INFO  o.a.coyote.http11.Http11NioProtocol - Initializing ProtocolHandler ["http-nio-8080"]
2022-01-10 11:43:50.525 default [main] INFO  o.a.catalina.core.StandardService - Starting service [Tomcat]
2022-01-10 11:43:50.525 default [main] INFO  o.a.catalina.core.StandardEngine - Starting Servlet engine: [Apache Tomcat/9.0.54]
2022-01-10 11:43:50.766 default [main] INFO  o.a.c.c.C.[.[localhost].[/inspect] - Initializing Spring embedded WebApplicationContext
2022-01-10 11:43:50.767 default [main] INFO  o.s.b.w.s.c.ServletWebServerApplicationContext - Root WebApplicationContext: initialization completed in 3177 ms
2022-01-10 11:43:50.959 default [main] INFO  com.zaxxer.hikari.HikariDataSource - HikariPool-1 - Starting...
2022-01-10 11:43:51.077 default [main] INFO  com.zaxxer.hikari.HikariDataSource - HikariPool-1 - Start completed.
2022-01-10 11:43:51.126 default [main] INFO  o.h.jpa.internal.util.LogHelper - HHH000204: Processing PersistenceUnitInfo [name: default]
2022-01-10 11:43:51.165 default [main] INFO  org.hibernate.Version - HHH000412: Hibernate ORM core version 5.4.32.Final
2022-01-10 11:43:51.267 default [main] INFO  o.h.annotations.common.Version - HCANN000001: Hibernate Commons Annotations {5.1.2.Final}
2022-01-10 11:43:51.363 default [main] INFO  org.hibernate.dialect.Dialect - HHH000400: Using dialect: org.hibernate.dialect.MySQL57Dialect
2022-01-10 11:43:51.499 default [main] INFO  o.h.e.t.j.p.i.JtaPlatformInitiator - HHH000490: Using JtaPlatform implementation: [org.hibernate.engine.transaction.jta.platform.internal.NoJtaPlatform]
2022-01-10 11:43:51.509 default [main] INFO  o.s.o.j.LocalContainerEntityManagerFactoryBean - Initialized JPA EntityManagerFactory for persistence unit 'default'
2022-01-10 11:43:52.564 default [main] INFO  s.d.s.w.PropertySourcedRequestMappingHandlerMapping - Mapped URL path [/v2/api-docs] onto method [springfox.documentation.swagger2.web.Swagger2Controller#getDocumentation(String, HttpServletRequest)]
2022-01-10 11:43:52.941 default [main] INFO  o.a.coyote.http11.Http11NioProtocol - Starting ProtocolHandler ["http-nio-8080"]
2022-01-10 11:43:52.958 default [main] INFO  o.s.b.w.e.tomcat.TomcatWebServer - Tomcat started on port(s): 8080 (http) with context path '/inspect'
2022-01-10 11:43:52.960 default [main] INFO  s.d.s.w.p.DocumentationPluginsBootstrapper - Context refreshed
2022-01-10 11:43:52.975 default [main] INFO  s.d.s.w.p.DocumentationPluginsBootstrapper - Found 1 custom documentation plugin(s)
2022-01-10 11:43:53.006 default [main] INFO  s.d.s.w.s.ApiListingReferenceScanner - Scanning for api listing references
2022-01-10 11:43:53.401 default [main] INFO  s.d.s.w.r.o.CachingOperationNameGenerator - Generating unique operation named: queryFreqListUsingPOST_1
2022-01-10 11:43:53.408 default [main] INFO  s.d.s.w.r.o.CachingOperationNameGenerator - Generating unique operation named: updateAgesclassUsingPOST_1
2022-01-10 11:43:53.920 default [main] INFO  c.f.inspection.InspectionApplication - Started InspectionApplication in 7.019 seconds (JVM running for 8.096)
2022-01-10 11:45:49.950 default [http-nio-8080-exec-1] INFO  o.a.c.c.C.[.[localhost].[/inspect] - Initializing Spring DispatcherServlet 'dispatcherServlet'
2022-01-10 11:45:49.950 default [http-nio-8080-exec-1] INFO  o.s.web.servlet.DispatcherServlet - Initializing Servlet 'dispatcherServlet'
2022-01-10 11:45:49.952 default [http-nio-8080-exec-1] INFO  o.s.web.servlet.DispatcherServlet - Completed initialization in 1 ms
