2022-01-11 10:20:34.280 default [main] INFO  c.f.inspection.InspectionApplication - Starting InspectionApplication using Java 1.8.0_181 on orz-PC with PID 11964 (F:\Code\springboot\springboot\inspectionManage\target\classes started by luojin in F:\Code\springboot\springboot\inspectionManage)
2022-01-11 10:20:34.284 default [main] INFO  c.f.inspection.InspectionApplication - No active profile set, falling back to default profiles: default
2022-01-11 10:20:39.353 default [main] INFO  o.s.d.r.c.RepositoryConfigurationDelegate - Multiple Spring Data modules found, entering strict repository configuration mode!
2022-01-11 10:20:39.354 default [main] INFO  o.s.d.r.c.RepositoryConfigurationDelegate - Bootstrapping Spring Data JPA repositories in DEFAULT mode.
2022-01-11 10:20:39.430 default [main] INFO  o.s.d.r.c.RepositoryConfigurationDelegate - Finished Spring Data repository scanning in 35 ms. Found 0 JPA repository interfaces.
2022-01-11 10:20:39.548 default [main] INFO  o.s.d.r.c.RepositoryConfigurationDelegate - Multiple Spring Data modules found, entering strict repository configuration mode!
2022-01-11 10:20:39.551 default [main] INFO  o.s.d.r.c.RepositoryConfigurationDelegate - Bootstrapping Spring Data Redis repositories in DEFAULT mode.
2022-01-11 10:20:39.630 default [main] INFO  o.s.d.r.c.RepositoryConfigurationDelegate - Finished Spring Data repository scanning in 24 ms. Found 0 Redis repository interfaces.
2022-01-11 10:20:41.619 default [main] INFO  o.s.b.w.e.tomcat.TomcatWebServer - Tomcat initialized with port(s): 8080 (http)
2022-01-11 10:20:41.630 default [main] INFO  o.a.coyote.http11.Http11NioProtocol - Initializing ProtocolHandler ["http-nio-8080"]
2022-01-11 10:20:41.631 default [main] INFO  o.a.catalina.core.StandardService - Starting service [Tomcat]
2022-01-11 10:20:41.631 default [main] INFO  o.a.catalina.core.StandardEngine - Starting Servlet engine: [Apache Tomcat/9.0.54]
2022-01-11 10:20:41.835 default [main] INFO  o.a.c.c.C.[.[localhost].[/inspect] - Initializing Spring embedded WebApplicationContext
2022-01-11 10:20:41.835 default [main] INFO  o.s.b.w.s.c.ServletWebServerApplicationContext - Root WebApplicationContext: initialization completed in 7317 ms
2022-01-11 10:20:42.372 default [main] INFO  com.zaxxer.hikari.HikariDataSource - HikariPool-1 - Starting...
2022-01-11 10:20:42.637 default [main] INFO  com.zaxxer.hikari.HikariDataSource - HikariPool-1 - Start completed.
2022-01-11 10:20:42.872 default [main] INFO  o.h.jpa.internal.util.LogHelper - HHH000204: Processing PersistenceUnitInfo [name: default]
2022-01-11 10:20:43.560 default [main] INFO  org.hibernate.Version - HHH000412: Hibernate ORM core version 5.4.32.Final
2022-01-11 10:20:44.548 default [main] INFO  o.h.annotations.common.Version - HCANN000001: Hibernate Commons Annotations {5.1.2.Final}
2022-01-11 10:20:45.129 default [main] INFO  org.hibernate.dialect.Dialect - HHH000400: Using dialect: org.hibernate.dialect.MySQL57Dialect
2022-01-11 10:20:46.154 default [main] INFO  o.h.e.t.j.p.i.JtaPlatformInitiator - HHH000490: Using JtaPlatform implementation: [org.hibernate.engine.transaction.jta.platform.internal.NoJtaPlatform]
2022-01-11 10:20:46.209 default [main] INFO  o.s.o.j.LocalContainerEntityManagerFactoryBean - Initialized JPA EntityManagerFactory for persistence unit 'default'
2022-01-11 10:20:50.359 default [main] INFO  s.d.s.w.PropertySourcedRequestMappingHandlerMapping - Mapped URL path [/v2/api-docs] onto method [springfox.documentation.swagger2.web.Swagger2Controller#getDocumentation(String, HttpServletRequest)]
2022-01-11 10:20:51.354 default [main] INFO  o.a.coyote.http11.Http11NioProtocol - Starting ProtocolHandler ["http-nio-8080"]
2022-01-11 10:20:51.391 default [main] INFO  o.s.b.w.e.tomcat.TomcatWebServer - Tomcat started on port(s): 8080 (http) with context path '/inspect'
2022-01-11 10:20:51.392 default [main] INFO  s.d.s.w.p.DocumentationPluginsBootstrapper - Context refreshed
2022-01-11 10:20:51.584 default [main] INFO  s.d.s.w.p.DocumentationPluginsBootstrapper - Found 1 custom documentation plugin(s)
2022-01-11 10:20:51.710 default [main] INFO  s.d.s.w.s.ApiListingReferenceScanner - Scanning for api listing references
2022-01-11 10:20:52.236 default [main] INFO  s.d.s.w.r.o.CachingOperationNameGenerator - Generating unique operation named: queryFreqListUsingPOST_1
2022-01-11 10:20:52.244 default [main] INFO  s.d.s.w.r.o.CachingOperationNameGenerator - Generating unique operation named: updateAgesclassUsingPOST_1
2022-01-11 10:20:52.779 default [main] INFO  c.f.inspection.InspectionApplication - Started InspectionApplication in 20.091 seconds (JVM running for 22.899)
2022-01-11 10:21:37.646 default [http-nio-8080-exec-1] INFO  o.a.c.c.C.[.[localhost].[/inspect] - Initializing Spring DispatcherServlet 'dispatcherServlet'
2022-01-11 10:21:37.647 default [http-nio-8080-exec-1] INFO  o.s.web.servlet.DispatcherServlet - Initializing Servlet 'dispatcherServlet'
2022-01-11 10:21:37.652 default [http-nio-8080-exec-1] INFO  o.s.web.servlet.DispatcherServlet - Completed initialization in 4 ms
2022-01-11 10:50:50.414 default [main] INFO  c.f.inspection.InspectionApplication - Starting InspectionApplication using Java 1.8.0_181 on orz-PC with PID 15484 (F:\Code\springboot\springboot\inspectionManage\target\classes started by luojin in F:\Code\springboot\springboot\inspectionManage)
2022-01-11 10:50:50.418 default [main] INFO  c.f.inspection.InspectionApplication - No active profile set, falling back to default profiles: default
2022-01-11 10:50:54.087 default [main] INFO  o.s.d.r.c.RepositoryConfigurationDelegate - Multiple Spring Data modules found, entering strict repository configuration mode!
2022-01-11 10:50:54.088 default [main] INFO  o.s.d.r.c.RepositoryConfigurationDelegate - Bootstrapping Spring Data JPA repositories in DEFAULT mode.
2022-01-11 10:50:54.114 default [main] INFO  o.s.d.r.c.RepositoryConfigurationDelegate - Finished Spring Data repository scanning in 18 ms. Found 0 JPA repository interfaces.
2022-01-11 10:50:54.129 default [main] INFO  o.s.d.r.c.RepositoryConfigurationDelegate - Multiple Spring Data modules found, entering strict repository configuration mode!
2022-01-11 10:50:54.130 default [main] INFO  o.s.d.r.c.RepositoryConfigurationDelegate - Bootstrapping Spring Data Redis repositories in DEFAULT mode.
2022-01-11 10:50:54.151 default [main] INFO  o.s.d.r.c.RepositoryConfigurationDelegate - Finished Spring Data repository scanning in 13 ms. Found 0 Redis repository interfaces.
2022-01-11 10:50:55.053 default [main] INFO  o.s.b.w.e.tomcat.TomcatWebServer - Tomcat initialized with port(s): 8080 (http)
2022-01-11 10:50:55.064 default [main] INFO  o.a.coyote.http11.Http11NioProtocol - Initializing ProtocolHandler ["http-nio-8080"]
2022-01-11 10:50:55.065 default [main] INFO  o.a.catalina.core.StandardService - Starting service [Tomcat]
2022-01-11 10:50:55.065 default [main] INFO  o.a.catalina.core.StandardEngine - Starting Servlet engine: [Apache Tomcat/9.0.54]
2022-01-11 10:50:55.362 default [main] INFO  o.a.c.c.C.[.[localhost].[/inspect] - Initializing Spring embedded WebApplicationContext
2022-01-11 10:50:55.363 default [main] INFO  o.s.b.w.s.c.ServletWebServerApplicationContext - Root WebApplicationContext: initialization completed in 4857 ms
2022-01-11 10:50:55.610 default [main] INFO  com.zaxxer.hikari.HikariDataSource - HikariPool-1 - Starting...
2022-01-11 10:50:55.724 default [main] INFO  com.zaxxer.hikari.HikariDataSource - HikariPool-1 - Start completed.
2022-01-11 10:50:55.856 default [main] INFO  o.h.jpa.internal.util.LogHelper - HHH000204: Processing PersistenceUnitInfo [name: default]
2022-01-11 10:50:56.291 default [main] INFO  org.hibernate.Version - HHH000412: Hibernate ORM core version 5.4.32.Final
2022-01-11 10:50:57.362 default [main] INFO  o.h.annotations.common.Version - HCANN000001: Hibernate Commons Annotations {5.1.2.Final}
2022-01-11 10:50:57.943 default [main] INFO  org.hibernate.dialect.Dialect - HHH000400: Using dialect: org.hibernate.dialect.MySQL57Dialect
2022-01-11 10:50:59.706 default [main] INFO  o.h.e.t.j.p.i.JtaPlatformInitiator - HHH000490: Using JtaPlatform implementation: [org.hibernate.engine.transaction.jta.platform.internal.NoJtaPlatform]
2022-01-11 10:50:59.764 default [main] INFO  o.s.o.j.LocalContainerEntityManagerFactoryBean - Initialized JPA EntityManagerFactory for persistence unit 'default'
2022-01-11 10:51:01.188 default [main] INFO  s.d.s.w.PropertySourcedRequestMappingHandlerMapping - Mapped URL path [/v2/api-docs] onto method [springfox.documentation.swagger2.web.Swagger2Controller#getDocumentation(String, HttpServletRequest)]
2022-01-11 10:51:01.628 default [main] INFO  o.a.coyote.http11.Http11NioProtocol - Starting ProtocolHandler ["http-nio-8080"]
2022-01-11 10:51:01.656 default [main] INFO  o.s.b.w.e.tomcat.TomcatWebServer - Tomcat started on port(s): 8080 (http) with context path '/inspect'
2022-01-11 10:51:01.658 default [main] INFO  s.d.s.w.p.DocumentationPluginsBootstrapper - Context refreshed
2022-01-11 10:51:01.808 default [main] INFO  s.d.s.w.p.DocumentationPluginsBootstrapper - Found 1 custom documentation plugin(s)
2022-01-11 10:51:01.917 default [main] INFO  s.d.s.w.s.ApiListingReferenceScanner - Scanning for api listing references
2022-01-11 10:51:02.376 default [main] INFO  s.d.s.w.r.o.CachingOperationNameGenerator - Generating unique operation named: queryFreqListUsingPOST_1
2022-01-11 10:51:02.384 default [main] INFO  s.d.s.w.r.o.CachingOperationNameGenerator - Generating unique operation named: updateAgesclassUsingPOST_1
2022-01-11 10:51:02.961 default [main] INFO  c.f.inspection.InspectionApplication - Started InspectionApplication in 13.367 seconds (JVM running for 15.277)
2022-01-11 10:51:16.946 default [http-nio-8080-exec-1] INFO  o.a.c.c.C.[.[localhost].[/inspect] - Initializing Spring DispatcherServlet 'dispatcherServlet'
2022-01-11 10:51:16.947 default [http-nio-8080-exec-1] INFO  o.s.web.servlet.DispatcherServlet - Initializing Servlet 'dispatcherServlet'
2022-01-11 10:51:16.948 default [http-nio-8080-exec-1] INFO  o.s.web.servlet.DispatcherServlet - Completed initialization in 1 ms
