2022-01-06 09:02:43.446 default [main] INFO  c.f.inspection.InspectionApplication - Starting InspectionApplication using Java 1.8.0_181 on orz-PC with PID 19480 (F:\Code\springboot\springboot\inspectionManage\target\classes started by luojin in F:\Code\springboot\springboot\inspectionManage)
2022-01-06 09:02:43.452 default [main] INFO  c.f.inspection.InspectionApplication - No active profile set, falling back to default profiles: default
2022-01-06 09:02:48.464 default [main] INFO  o.s.d.r.c.RepositoryConfigurationDelegate - Multiple Spring Data modules found, entering strict repository configuration mode!
2022-01-06 09:02:48.466 default [main] INFO  o.s.d.r.c.RepositoryConfigurationDelegate - Bootstrapping Spring Data JPA repositories in DEFAULT mode.
2022-01-06 09:02:48.533 default [main] INFO  o.s.d.r.c.RepositoryConfigurationDelegate - Finished Spring Data repository scanning in 30 ms. Found 0 JPA repository interfaces.
2022-01-06 09:02:48.629 default [main] INFO  o.s.d.r.c.RepositoryConfigurationDelegate - Multiple Spring Data modules found, entering strict repository configuration mode!
2022-01-06 09:02:48.631 default [main] INFO  o.s.d.r.c.RepositoryConfigurationDelegate - Bootstrapping Spring Data Redis repositories in DEFAULT mode.
2022-01-06 09:02:49.041 default [main] INFO  o.s.d.r.c.RepositoryConfigurationDelegate - Finished Spring Data repository scanning in 29 ms. Found 0 Redis repository interfaces.
2022-01-06 09:02:51.224 default [main] INFO  o.s.b.w.e.tomcat.TomcatWebServer - Tomcat initialized with port(s): 8080 (http)
2022-01-06 09:02:51.242 default [main] INFO  o.a.coyote.http11.Http11NioProtocol - Initializing ProtocolHandler ["http-nio-8080"]
2022-01-06 09:02:51.244 default [main] INFO  o.a.catalina.core.StandardService - Starting service [Tomcat]
2022-01-06 09:02:51.245 default [main] INFO  o.a.catalina.core.StandardEngine - Starting Servlet engine: [Apache Tomcat/9.0.54]
2022-01-06 09:02:51.738 default [main] INFO  o.a.c.c.C.[.[localhost].[/inspect] - Initializing Spring embedded WebApplicationContext
2022-01-06 09:02:51.738 default [main] INFO  o.s.b.w.s.c.ServletWebServerApplicationContext - Root WebApplicationContext: initialization completed in 7921 ms
2022-01-06 09:02:52.304 default [main] INFO  com.zaxxer.hikari.HikariDataSource - HikariPool-1 - Starting...
2022-01-06 09:02:52.749 default [main] INFO  com.zaxxer.hikari.HikariDataSource - HikariPool-1 - Start completed.
2022-01-06 09:02:52.974 default [main] INFO  o.h.jpa.internal.util.LogHelper - HHH000204: Processing PersistenceUnitInfo [name: default]
2022-01-06 09:02:53.374 default [main] INFO  org.hibernate.Version - HHH000412: Hibernate ORM core version 5.4.32.Final
2022-01-06 09:02:54.747 default [main] INFO  o.h.annotations.common.Version - HCANN000001: Hibernate Commons Annotations {5.1.2.Final}
2022-01-06 09:02:55.394 default [main] INFO  org.hibernate.dialect.Dialect - HHH000400: Using dialect: org.hibernate.dialect.MySQL57Dialect
2022-01-06 09:02:56.618 default [main] INFO  o.h.e.t.j.p.i.JtaPlatformInitiator - HHH000490: Using JtaPlatform implementation: [org.hibernate.engine.transaction.jta.platform.internal.NoJtaPlatform]
2022-01-06 09:02:56.674 default [main] INFO  o.s.o.j.LocalContainerEntityManagerFactoryBean - Initialized JPA EntityManagerFactory for persistence unit 'default'
2022-01-06 09:03:00.870 default [main] INFO  s.d.s.w.PropertySourcedRequestMappingHandlerMapping - Mapped URL path [/v2/api-docs] onto method [springfox.documentation.swagger2.web.Swagger2Controller#getDocumentation(String, HttpServletRequest)]
2022-01-06 09:03:02.364 default [main] INFO  o.a.coyote.http11.Http11NioProtocol - Starting ProtocolHandler ["http-nio-8080"]
2022-01-06 09:03:02.406 default [main] INFO  o.s.b.w.e.tomcat.TomcatWebServer - Tomcat started on port(s): 8080 (http) with context path '/inspect'
2022-01-06 09:03:02.407 default [main] INFO  s.d.s.w.p.DocumentationPluginsBootstrapper - Context refreshed
2022-01-06 09:03:02.598 default [main] INFO  s.d.s.w.p.DocumentationPluginsBootstrapper - Found 1 custom documentation plugin(s)
2022-01-06 09:03:02.717 default [main] INFO  s.d.s.w.s.ApiListingReferenceScanner - Scanning for api listing references
2022-01-06 09:03:03.382 default [main] INFO  s.d.s.w.r.o.CachingOperationNameGenerator - Generating unique operation named: queryFreqListUsingPOST_1
2022-01-06 09:03:03.390 default [main] INFO  s.d.s.w.r.o.CachingOperationNameGenerator - Generating unique operation named: updateAgesclassUsingPOST_1
2022-01-06 09:03:03.950 default [main] INFO  c.f.inspection.InspectionApplication - Started InspectionApplication in 24.281 seconds (JVM running for 30.273)
2022-01-06 09:19:29.660 default [http-nio-8080-exec-1] INFO  o.a.c.c.C.[.[localhost].[/inspect] - Initializing Spring DispatcherServlet 'dispatcherServlet'
2022-01-06 09:19:29.661 default [http-nio-8080-exec-1] INFO  o.s.web.servlet.DispatcherServlet - Initializing Servlet 'dispatcherServlet'
2022-01-06 09:19:29.664 default [http-nio-8080-exec-1] INFO  o.s.web.servlet.DispatcherServlet - Completed initialization in 2 ms
2022-01-06 15:47:49.837 default [main] INFO  c.f.inspection.InspectionApplication - Starting InspectionApplication using Java 1.8.0_181 on orz-PC with PID 16712 (F:\Code\springboot\springboot\inspectionManage\target\classes started by luojin in F:\Code\springboot\springboot\inspectionManage)
2022-01-06 15:47:49.856 default [main] INFO  c.f.inspection.InspectionApplication - No active profile set, falling back to default profiles: default
2022-01-06 15:47:52.700 default [main] INFO  o.s.d.r.c.RepositoryConfigurationDelegate - Multiple Spring Data modules found, entering strict repository configuration mode!
2022-01-06 15:47:52.700 default [main] INFO  o.s.d.r.c.RepositoryConfigurationDelegate - Bootstrapping Spring Data JPA repositories in DEFAULT mode.
2022-01-06 15:47:52.728 default [main] INFO  o.s.d.r.c.RepositoryConfigurationDelegate - Finished Spring Data repository scanning in 19 ms. Found 0 JPA repository interfaces.
2022-01-06 15:47:52.744 default [main] INFO  o.s.d.r.c.RepositoryConfigurationDelegate - Multiple Spring Data modules found, entering strict repository configuration mode!
2022-01-06 15:47:52.745 default [main] INFO  o.s.d.r.c.RepositoryConfigurationDelegate - Bootstrapping Spring Data Redis repositories in DEFAULT mode.
2022-01-06 15:47:52.767 default [main] INFO  o.s.d.r.c.RepositoryConfigurationDelegate - Finished Spring Data repository scanning in 14 ms. Found 0 Redis repository interfaces.
2022-01-06 15:47:53.813 default [main] INFO  o.s.b.w.e.tomcat.TomcatWebServer - Tomcat initialized with port(s): 8080 (http)
2022-01-06 15:47:53.823 default [main] INFO  o.a.coyote.http11.Http11NioProtocol - Initializing ProtocolHandler ["http-nio-8080"]
2022-01-06 15:47:53.824 default [main] INFO  o.a.catalina.core.StandardService - Starting service [Tomcat]
2022-01-06 15:47:53.824 default [main] INFO  o.a.catalina.core.StandardEngine - Starting Servlet engine: [Apache Tomcat/9.0.54]
2022-01-06 15:47:54.245 default [main] INFO  o.a.c.c.C.[.[localhost].[/inspect] - Initializing Spring embedded WebApplicationContext
2022-01-06 15:47:54.246 default [main] INFO  o.s.b.w.s.c.ServletWebServerApplicationContext - Root WebApplicationContext: initialization completed in 4312 ms
2022-01-06 15:47:54.651 default [main] INFO  com.zaxxer.hikari.HikariDataSource - HikariPool-1 - Starting...
2022-01-06 15:47:54.844 default [main] INFO  com.zaxxer.hikari.HikariDataSource - HikariPool-1 - Start completed.
2022-01-06 15:47:55.009 default [main] INFO  o.h.jpa.internal.util.LogHelper - HHH000204: Processing PersistenceUnitInfo [name: default]
2022-01-06 15:47:55.444 default [main] INFO  org.hibernate.Version - HHH000412: Hibernate ORM core version 5.4.32.Final
2022-01-06 15:47:56.394 default [main] INFO  o.h.annotations.common.Version - HCANN000001: Hibernate Commons Annotations {5.1.2.Final}
2022-01-06 15:47:57.088 default [main] INFO  org.hibernate.dialect.Dialect - HHH000400: Using dialect: org.hibernate.dialect.MySQL57Dialect
2022-01-06 15:47:58.121 default [main] INFO  o.h.e.t.j.p.i.JtaPlatformInitiator - HHH000490: Using JtaPlatform implementation: [org.hibernate.engine.transaction.jta.platform.internal.NoJtaPlatform]
2022-01-06 15:47:58.175 default [main] INFO  o.s.o.j.LocalContainerEntityManagerFactoryBean - Initialized JPA EntityManagerFactory for persistence unit 'default'
2022-01-06 15:47:59.854 default [main] INFO  s.d.s.w.PropertySourcedRequestMappingHandlerMapping - Mapped URL path [/v2/api-docs] onto method [springfox.documentation.swagger2.web.Swagger2Controller#getDocumentation(String, HttpServletRequest)]
2022-01-06 15:48:00.336 default [main] INFO  o.a.coyote.http11.Http11NioProtocol - Starting ProtocolHandler ["http-nio-8080"]
2022-01-06 15:48:00.354 default [main] INFO  o.s.b.w.e.tomcat.TomcatWebServer - Tomcat started on port(s): 8080 (http) with context path '/inspect'
2022-01-06 15:48:00.355 default [main] INFO  s.d.s.w.p.DocumentationPluginsBootstrapper - Context refreshed
2022-01-06 15:48:00.578 default [main] INFO  s.d.s.w.p.DocumentationPluginsBootstrapper - Found 1 custom documentation plugin(s)
2022-01-06 15:48:00.704 default [main] INFO  s.d.s.w.s.ApiListingReferenceScanner - Scanning for api listing references
2022-01-06 15:48:01.238 default [main] INFO  s.d.s.w.r.o.CachingOperationNameGenerator - Generating unique operation named: queryFreqListUsingPOST_1
2022-01-06 15:48:01.245 default [main] INFO  s.d.s.w.r.o.CachingOperationNameGenerator - Generating unique operation named: updateAgesclassUsingPOST_1
2022-01-06 15:48:01.929 default [main] INFO  c.f.inspection.InspectionApplication - Started InspectionApplication in 15.006 seconds (JVM running for 18.762)
2022-01-06 15:48:42.140 default [http-nio-8080-exec-1] INFO  o.a.c.c.C.[.[localhost].[/inspect] - Initializing Spring DispatcherServlet 'dispatcherServlet'
2022-01-06 15:48:42.140 default [http-nio-8080-exec-1] INFO  o.s.web.servlet.DispatcherServlet - Initializing Servlet 'dispatcherServlet'
2022-01-06 15:48:42.142 default [http-nio-8080-exec-1] INFO  o.s.web.servlet.DispatcherServlet - Completed initialization in 2 ms
