2021-12-02 09:31:39.286 default [main] INFO  c.f.inspection.InspectionApplication - Starting InspectionApplication using Java 1.8.0_181 on orz-PC with PID 15596 (F:\Code\springboot\springboot\inspectionManage\target\classes started by luojin in F:\Code\springboot\springboot\inspectionManage)
2021-12-02 09:31:39.371 default [main] INFO  c.f.inspection.InspectionApplication - No active profile set, falling back to default profiles: default
2021-12-02 09:31:53.558 default [main] INFO  o.s.d.r.c.RepositoryConfigurationDelegate - Multiple Spring Data modules found, entering strict repository configuration mode!
2021-12-02 09:31:53.559 default [main] INFO  o.s.d.r.c.RepositoryConfigurationDelegate - Bootstrapping Spring Data JPA repositories in DEFAULT mode.
2021-12-02 09:31:53.684 default [main] INFO  o.s.d.r.c.RepositoryConfigurationDelegate - Finished Spring Data repository scanning in 43 ms. Found 0 JPA repository interfaces.
2021-12-02 09:31:53.949 default [main] INFO  o.s.d.r.c.RepositoryConfigurationDelegate - Multiple Spring Data modules found, entering strict repository configuration mode!
2021-12-02 09:31:53.962 default [main] INFO  o.s.d.r.c.RepositoryConfigurationDelegate - Bootstrapping Spring Data Redis repositories in DEFAULT mode.
2021-12-02 09:31:54.074 default [main] INFO  o.s.d.r.c.RepositoryConfigurationDelegate - Finished Spring Data repository scanning in 8 ms. Found 0 Redis repository interfaces.
2021-12-02 09:31:57.316 default [main] INFO  o.s.b.w.e.tomcat.TomcatWebServer - Tomcat initialized with port(s): 8080 (http)
2021-12-02 09:31:57.351 default [main] INFO  o.a.coyote.http11.Http11NioProtocol - Initializing ProtocolHandler ["http-nio-8080"]
2021-12-02 09:31:57.352 default [main] INFO  o.a.catalina.core.StandardService - Starting service [Tomcat]
2021-12-02 09:31:57.353 default [main] INFO  o.a.catalina.core.StandardEngine - Starting Servlet engine: [Apache Tomcat/9.0.54]
2021-12-02 09:31:57.785 default [main] INFO  o.a.c.c.C.[.[localhost].[/inspect] - Initializing Spring embedded WebApplicationContext
2021-12-02 09:31:57.787 default [main] INFO  o.s.b.w.s.c.ServletWebServerApplicationContext - Root WebApplicationContext: initialization completed in 12971 ms
2021-12-02 09:31:58.559 default [main] INFO  com.zaxxer.hikari.HikariDataSource - HikariPool-1 - Starting...
2021-12-02 09:31:58.983 default [main] INFO  com.zaxxer.hikari.HikariDataSource - HikariPool-1 - Start completed.
2021-12-02 09:31:59.228 default [main] INFO  o.h.jpa.internal.util.LogHelper - HHH000204: Processing PersistenceUnitInfo [name: default]
2021-12-02 09:31:59.713 default [main] INFO  org.hibernate.Version - HHH000412: Hibernate ORM core version 5.4.32.Final
2021-12-02 09:32:01.226 default [main] INFO  o.h.annotations.common.Version - HCANN000001: Hibernate Commons Annotations {5.1.2.Final}
2021-12-02 09:32:02.214 default [main] INFO  org.hibernate.dialect.Dialect - HHH000400: Using dialect: org.hibernate.dialect.MySQL57Dialect
2021-12-02 09:32:03.347 default [main] INFO  o.h.e.t.j.p.i.JtaPlatformInitiator - HHH000490: Using JtaPlatform implementation: [org.hibernate.engine.transaction.jta.platform.internal.NoJtaPlatform]
2021-12-02 09:32:03.436 default [main] INFO  o.s.o.j.LocalContainerEntityManagerFactoryBean - Initialized JPA EntityManagerFactory for persistence unit 'default'
2021-12-02 09:32:08.525 default [main] INFO  s.d.s.w.PropertySourcedRequestMappingHandlerMapping - Mapped URL path [/v2/api-docs] onto method [springfox.documentation.swagger2.web.Swagger2Controller#getDocumentation(String, HttpServletRequest)]
2021-12-02 09:32:10.094 default [main] INFO  o.a.coyote.http11.Http11NioProtocol - Starting ProtocolHandler ["http-nio-8080"]
2021-12-02 09:32:10.208 default [main] INFO  o.s.b.w.e.tomcat.TomcatWebServer - Tomcat started on port(s): 8080 (http) with context path '/inspect'
2021-12-02 09:32:10.210 default [main] INFO  s.d.s.w.p.DocumentationPluginsBootstrapper - Context refreshed
2021-12-02 09:32:10.408 default [main] INFO  s.d.s.w.p.DocumentationPluginsBootstrapper - Found 1 custom documentation plugin(s)
2021-12-02 09:32:10.591 default [main] INFO  s.d.s.w.s.ApiListingReferenceScanner - Scanning for api listing references
2021-12-02 09:32:11.347 default [main] INFO  c.f.inspection.InspectionApplication - Started InspectionApplication in 40.865 seconds (JVM running for 44.533)
2021-12-02 09:33:01.562 default [http-nio-8080-exec-1] INFO  o.a.c.c.C.[.[localhost].[/inspect] - Initializing Spring DispatcherServlet 'dispatcherServlet'
2021-12-02 09:33:01.563 default [http-nio-8080-exec-1] INFO  o.s.web.servlet.DispatcherServlet - Initializing Servlet 'dispatcherServlet'
2021-12-02 09:33:01.565 default [http-nio-8080-exec-1] INFO  o.s.web.servlet.DispatcherServlet - Completed initialization in 2 ms
2021-12-02 09:40:37.091 default [main] INFO  c.f.inspection.InspectionApplication - Starting InspectionApplication using Java 1.8.0_181 on orz-PC with PID 24580 (F:\Code\springboot\springboot\inspectionManage\target\classes started by luojin in F:\Code\springboot\springboot\inspectionManage)
2021-12-02 09:40:37.095 default [main] INFO  c.f.inspection.InspectionApplication - No active profile set, falling back to default profiles: default
2021-12-02 09:40:38.036 default [main] INFO  o.s.d.r.c.RepositoryConfigurationDelegate - Multiple Spring Data modules found, entering strict repository configuration mode!
2021-12-02 09:40:38.037 default [main] INFO  o.s.d.r.c.RepositoryConfigurationDelegate - Bootstrapping Spring Data JPA repositories in DEFAULT mode.
2021-12-02 09:40:38.058 default [main] INFO  o.s.d.r.c.RepositoryConfigurationDelegate - Finished Spring Data repository scanning in 9 ms. Found 0 JPA repository interfaces.
2021-12-02 09:40:38.075 default [main] INFO  o.s.d.r.c.RepositoryConfigurationDelegate - Multiple Spring Data modules found, entering strict repository configuration mode!
2021-12-02 09:40:38.076 default [main] INFO  o.s.d.r.c.RepositoryConfigurationDelegate - Bootstrapping Spring Data Redis repositories in DEFAULT mode.
2021-12-02 09:40:38.091 default [main] INFO  o.s.d.r.c.RepositoryConfigurationDelegate - Finished Spring Data repository scanning in 4 ms. Found 0 Redis repository interfaces.
2021-12-02 09:40:38.735 default [main] INFO  o.s.b.w.e.tomcat.TomcatWebServer - Tomcat initialized with port(s): 8080 (http)
2021-12-02 09:40:38.743 default [main] INFO  o.a.coyote.http11.Http11NioProtocol - Initializing ProtocolHandler ["http-nio-8080"]
2021-12-02 09:40:38.744 default [main] INFO  o.a.catalina.core.StandardService - Starting service [Tomcat]
2021-12-02 09:40:38.744 default [main] INFO  o.a.catalina.core.StandardEngine - Starting Servlet engine: [Apache Tomcat/9.0.54]
2021-12-02 09:40:38.890 default [main] INFO  o.a.c.c.C.[.[localhost].[/inspect] - Initializing Spring embedded WebApplicationContext
2021-12-02 09:40:38.890 default [main] INFO  o.s.b.w.s.c.ServletWebServerApplicationContext - Root WebApplicationContext: initialization completed in 1687 ms
2021-12-02 09:40:39.124 default [main] INFO  com.zaxxer.hikari.HikariDataSource - HikariPool-1 - Starting...
2021-12-02 09:40:39.257 default [main] INFO  com.zaxxer.hikari.HikariDataSource - HikariPool-1 - Start completed.
2021-12-02 09:40:39.297 default [main] INFO  o.h.jpa.internal.util.LogHelper - HHH000204: Processing PersistenceUnitInfo [name: default]
2021-12-02 09:40:39.336 default [main] INFO  org.hibernate.Version - HHH000412: Hibernate ORM core version 5.4.32.Final
2021-12-02 09:40:39.446 default [main] INFO  o.h.annotations.common.Version - HCANN000001: Hibernate Commons Annotations {5.1.2.Final}
2021-12-02 09:40:39.545 default [main] INFO  org.hibernate.dialect.Dialect - HHH000400: Using dialect: org.hibernate.dialect.MySQL57Dialect
2021-12-02 09:40:39.684 default [main] INFO  o.h.e.t.j.p.i.JtaPlatformInitiator - HHH000490: Using JtaPlatform implementation: [org.hibernate.engine.transaction.jta.platform.internal.NoJtaPlatform]
2021-12-02 09:40:39.695 default [main] INFO  o.s.o.j.LocalContainerEntityManagerFactoryBean - Initialized JPA EntityManagerFactory for persistence unit 'default'
2021-12-02 09:40:40.399 default [main] INFO  s.d.s.w.PropertySourcedRequestMappingHandlerMapping - Mapped URL path [/v2/api-docs] onto method [springfox.documentation.swagger2.web.Swagger2Controller#getDocumentation(String, HttpServletRequest)]
2021-12-02 09:40:40.767 default [main] INFO  o.a.coyote.http11.Http11NioProtocol - Starting ProtocolHandler ["http-nio-8080"]
2021-12-02 09:40:40.784 default [main] INFO  o.s.b.w.e.tomcat.TomcatWebServer - Tomcat started on port(s): 8080 (http) with context path '/inspect'
2021-12-02 09:40:40.786 default [main] INFO  s.d.s.w.p.DocumentationPluginsBootstrapper - Context refreshed
2021-12-02 09:40:40.802 default [main] INFO  s.d.s.w.p.DocumentationPluginsBootstrapper - Found 1 custom documentation plugin(s)
2021-12-02 09:40:40.831 default [main] INFO  s.d.s.w.s.ApiListingReferenceScanner - Scanning for api listing references
2021-12-02 09:40:40.983 default [main] INFO  c.f.inspection.InspectionApplication - Started InspectionApplication in 4.465 seconds (JVM running for 5.232)
2021-12-02 09:40:57.798 default [http-nio-8080-exec-1] INFO  o.a.c.c.C.[.[localhost].[/inspect] - Initializing Spring DispatcherServlet 'dispatcherServlet'
2021-12-02 09:40:57.798 default [http-nio-8080-exec-1] INFO  o.s.web.servlet.DispatcherServlet - Initializing Servlet 'dispatcherServlet'
2021-12-02 09:40:57.799 default [http-nio-8080-exec-1] INFO  o.s.web.servlet.DispatcherServlet - Completed initialization in 1 ms
2021-12-02 10:28:47.812 default [main] INFO  c.f.inspection.InspectionApplication - Starting InspectionApplication using Java 1.8.0_181 on orz-PC with PID 23488 (F:\Code\springboot\springboot\inspectionManage\target\classes started by luojin in F:\Code\springboot\springboot\inspectionManage)
2021-12-02 10:28:47.815 default [main] INFO  c.f.inspection.InspectionApplication - No active profile set, falling back to default profiles: default
2021-12-02 10:28:49.077 default [main] INFO  o.s.d.r.c.RepositoryConfigurationDelegate - Multiple Spring Data modules found, entering strict repository configuration mode!
2021-12-02 10:28:49.078 default [main] INFO  o.s.d.r.c.RepositoryConfigurationDelegate - Bootstrapping Spring Data JPA repositories in DEFAULT mode.
2021-12-02 10:28:49.095 default [main] INFO  o.s.d.r.c.RepositoryConfigurationDelegate - Finished Spring Data repository scanning in 8 ms. Found 0 JPA repository interfaces.
2021-12-02 10:28:49.112 default [main] INFO  o.s.d.r.c.RepositoryConfigurationDelegate - Multiple Spring Data modules found, entering strict repository configuration mode!
2021-12-02 10:28:49.113 default [main] INFO  o.s.d.r.c.RepositoryConfigurationDelegate - Bootstrapping Spring Data Redis repositories in DEFAULT mode.
2021-12-02 10:28:49.126 default [main] INFO  o.s.d.r.c.RepositoryConfigurationDelegate - Finished Spring Data repository scanning in 4 ms. Found 0 Redis repository interfaces.
2021-12-02 10:28:50.382 default [main] INFO  o.s.b.w.e.tomcat.TomcatWebServer - Tomcat initialized with port(s): 8080 (http)
2021-12-02 10:28:50.404 default [main] INFO  o.a.coyote.http11.Http11NioProtocol - Initializing ProtocolHandler ["http-nio-8080"]
2021-12-02 10:28:50.405 default [main] INFO  o.a.catalina.core.StandardService - Starting service [Tomcat]
2021-12-02 10:28:50.406 default [main] INFO  o.a.catalina.core.StandardEngine - Starting Servlet engine: [Apache Tomcat/9.0.54]
2021-12-02 10:28:50.658 default [main] INFO  o.a.c.c.C.[.[localhost].[/inspect] - Initializing Spring embedded WebApplicationContext
2021-12-02 10:28:50.658 default [main] INFO  o.s.b.w.s.c.ServletWebServerApplicationContext - Root WebApplicationContext: initialization completed in 2778 ms
2021-12-02 10:28:50.955 default [main] INFO  com.zaxxer.hikari.HikariDataSource - HikariPool-1 - Starting...
2021-12-02 10:28:51.122 default [main] INFO  com.zaxxer.hikari.HikariDataSource - HikariPool-1 - Start completed.
2021-12-02 10:28:51.251 default [main] INFO  o.h.jpa.internal.util.LogHelper - HHH000204: Processing PersistenceUnitInfo [name: default]
2021-12-02 10:28:52.020 default [main] INFO  org.hibernate.Version - HHH000412: Hibernate ORM core version 5.4.32.Final
2021-12-02 10:28:53.537 default [main] INFO  o.h.annotations.common.Version - HCANN000001: Hibernate Commons Annotations {5.1.2.Final}
2021-12-02 10:28:54.162 default [main] INFO  org.hibernate.dialect.Dialect - HHH000400: Using dialect: org.hibernate.dialect.MySQL57Dialect
2021-12-02 10:28:55.334 default [main] INFO  o.h.e.t.j.p.i.JtaPlatformInitiator - HHH000490: Using JtaPlatform implementation: [org.hibernate.engine.transaction.jta.platform.internal.NoJtaPlatform]
2021-12-02 10:28:55.391 default [main] INFO  o.s.o.j.LocalContainerEntityManagerFactoryBean - Initialized JPA EntityManagerFactory for persistence unit 'default'
2021-12-02 10:28:56.624 default [main] INFO  s.d.s.w.PropertySourcedRequestMappingHandlerMapping - Mapped URL path [/v2/api-docs] onto method [springfox.documentation.swagger2.web.Swagger2Controller#getDocumentation(String, HttpServletRequest)]
2021-12-02 10:28:57.457 default [main] INFO  o.a.coyote.http11.Http11NioProtocol - Starting ProtocolHandler ["http-nio-8080"]
2021-12-02 10:28:57.484 default [main] INFO  o.s.b.w.e.tomcat.TomcatWebServer - Tomcat started on port(s): 8080 (http) with context path '/inspect'
2021-12-02 10:28:57.486 default [main] INFO  s.d.s.w.p.DocumentationPluginsBootstrapper - Context refreshed
2021-12-02 10:28:57.685 default [main] INFO  s.d.s.w.p.DocumentationPluginsBootstrapper - Found 1 custom documentation plugin(s)
2021-12-02 10:28:57.749 default [main] INFO  s.d.s.w.s.ApiListingReferenceScanner - Scanning for api listing references
2021-12-02 10:28:58.025 default [main] INFO  c.f.inspection.InspectionApplication - Started InspectionApplication in 10.94 seconds (JVM running for 14.641)
2021-12-02 10:29:40.933 default [http-nio-8080-exec-1] INFO  o.a.c.c.C.[.[localhost].[/inspect] - Initializing Spring DispatcherServlet 'dispatcherServlet'
2021-12-02 10:29:40.933 default [http-nio-8080-exec-1] INFO  o.s.web.servlet.DispatcherServlet - Initializing Servlet 'dispatcherServlet'
2021-12-02 10:29:40.935 default [http-nio-8080-exec-1] INFO  o.s.web.servlet.DispatcherServlet - Completed initialization in 1 ms
2021-12-02 10:32:13.445 default [SpringApplicationShutdownHook] INFO  o.s.o.j.LocalContainerEntityManagerFactoryBean - Closing JPA EntityManagerFactory for persistence unit 'default'
2021-12-02 10:32:13.459 default [SpringApplicationShutdownHook] INFO  com.zaxxer.hikari.HikariDataSource - HikariPool-1 - Shutdown initiated...
2021-12-02 10:32:13.467 default [SpringApplicationShutdownHook] INFO  com.zaxxer.hikari.HikariDataSource - HikariPool-1 - Shutdown completed.
2021-12-02 10:32:27.287 default [main] INFO  c.f.inspection.InspectionApplication - Starting InspectionApplication using Java 1.8.0_181 on orz-PC with PID 28220 (F:\Code\springboot\springboot\inspectionManage\target\classes started by luojin in F:\Code\springboot\springboot\inspectionManage)
2021-12-02 10:32:27.290 default [main] INFO  c.f.inspection.InspectionApplication - No active profile set, falling back to default profiles: default
2021-12-02 10:32:28.223 default [main] INFO  o.s.d.r.c.RepositoryConfigurationDelegate - Multiple Spring Data modules found, entering strict repository configuration mode!
2021-12-02 10:32:28.224 default [main] INFO  o.s.d.r.c.RepositoryConfigurationDelegate - Bootstrapping Spring Data JPA repositories in DEFAULT mode.
2021-12-02 10:32:28.239 default [main] INFO  o.s.d.r.c.RepositoryConfigurationDelegate - Finished Spring Data repository scanning in 7 ms. Found 0 JPA repository interfaces.
2021-12-02 10:32:28.255 default [main] INFO  o.s.d.r.c.RepositoryConfigurationDelegate - Multiple Spring Data modules found, entering strict repository configuration mode!
2021-12-02 10:32:28.257 default [main] INFO  o.s.d.r.c.RepositoryConfigurationDelegate - Bootstrapping Spring Data Redis repositories in DEFAULT mode.
2021-12-02 10:32:28.269 default [main] INFO  o.s.d.r.c.RepositoryConfigurationDelegate - Finished Spring Data repository scanning in 4 ms. Found 0 Redis repository interfaces.
2021-12-02 10:32:28.865 default [main] INFO  o.s.b.w.e.tomcat.TomcatWebServer - Tomcat initialized with port(s): 8080 (http)
2021-12-02 10:32:28.874 default [main] INFO  o.a.coyote.http11.Http11NioProtocol - Initializing ProtocolHandler ["http-nio-8080"]
2021-12-02 10:32:28.875 default [main] INFO  o.a.catalina.core.StandardService - Starting service [Tomcat]
2021-12-02 10:32:28.875 default [main] INFO  o.a.catalina.core.StandardEngine - Starting Servlet engine: [Apache Tomcat/9.0.54]
2021-12-02 10:32:29.094 default [main] INFO  o.a.c.c.C.[.[localhost].[/inspect] - Initializing Spring embedded WebApplicationContext
2021-12-02 10:32:29.095 default [main] INFO  o.s.b.w.s.c.ServletWebServerApplicationContext - Root WebApplicationContext: initialization completed in 1762 ms
2021-12-02 10:32:29.302 default [main] INFO  com.zaxxer.hikari.HikariDataSource - HikariPool-1 - Starting...
2021-12-02 10:32:29.417 default [main] INFO  com.zaxxer.hikari.HikariDataSource - HikariPool-1 - Start completed.
2021-12-02 10:32:29.453 default [main] INFO  o.h.jpa.internal.util.LogHelper - HHH000204: Processing PersistenceUnitInfo [name: default]
2021-12-02 10:32:29.490 default [main] INFO  org.hibernate.Version - HHH000412: Hibernate ORM core version 5.4.32.Final
2021-12-02 10:32:29.608 default [main] INFO  o.h.annotations.common.Version - HCANN000001: Hibernate Commons Annotations {5.1.2.Final}
2021-12-02 10:32:29.715 default [main] INFO  org.hibernate.dialect.Dialect - HHH000400: Using dialect: org.hibernate.dialect.MySQL57Dialect
2021-12-02 10:32:29.873 default [main] INFO  o.h.e.t.j.p.i.JtaPlatformInitiator - HHH000490: Using JtaPlatform implementation: [org.hibernate.engine.transaction.jta.platform.internal.NoJtaPlatform]
2021-12-02 10:32:29.884 default [main] INFO  o.s.o.j.LocalContainerEntityManagerFactoryBean - Initialized JPA EntityManagerFactory for persistence unit 'default'
2021-12-02 10:32:30.592 default [main] INFO  s.d.s.w.PropertySourcedRequestMappingHandlerMapping - Mapped URL path [/v2/api-docs] onto method [springfox.documentation.swagger2.web.Swagger2Controller#getDocumentation(String, HttpServletRequest)]
2021-12-02 10:32:30.939 default [main] INFO  o.a.coyote.http11.Http11NioProtocol - Starting ProtocolHandler ["http-nio-8080"]
2021-12-02 10:32:30.953 default [main] INFO  o.s.b.w.e.tomcat.TomcatWebServer - Tomcat started on port(s): 8080 (http) with context path '/inspect'
2021-12-02 10:32:30.955 default [main] INFO  s.d.s.w.p.DocumentationPluginsBootstrapper - Context refreshed
2021-12-02 10:32:30.970 default [main] INFO  s.d.s.w.p.DocumentationPluginsBootstrapper - Found 1 custom documentation plugin(s)
2021-12-02 10:32:30.995 default [main] INFO  s.d.s.w.s.ApiListingReferenceScanner - Scanning for api listing references
2021-12-02 10:32:31.128 default [main] INFO  c.f.inspection.InspectionApplication - Started InspectionApplication in 4.529 seconds (JVM running for 5.452)
2021-12-02 10:33:43.933 default [main] INFO  c.f.inspection.InspectionApplication - Starting InspectionApplication using Java 1.8.0_181 on orz-PC with PID 19488 (F:\Code\springboot\springboot\inspectionManage\target\classes started by luojin in F:\Code\springboot\springboot\inspectionManage)
2021-12-02 10:33:43.937 default [main] INFO  c.f.inspection.InspectionApplication - No active profile set, falling back to default profiles: default
2021-12-02 10:33:45.007 default [main] INFO  o.s.d.r.c.RepositoryConfigurationDelegate - Multiple Spring Data modules found, entering strict repository configuration mode!
2021-12-02 10:33:45.008 default [main] INFO  o.s.d.r.c.RepositoryConfigurationDelegate - Bootstrapping Spring Data JPA repositories in DEFAULT mode.
2021-12-02 10:33:45.029 default [main] INFO  o.s.d.r.c.RepositoryConfigurationDelegate - Finished Spring Data repository scanning in 11 ms. Found 0 JPA repository interfaces.
2021-12-02 10:33:45.049 default [main] INFO  o.s.d.r.c.RepositoryConfigurationDelegate - Multiple Spring Data modules found, entering strict repository configuration mode!
2021-12-02 10:33:45.051 default [main] INFO  o.s.d.r.c.RepositoryConfigurationDelegate - Bootstrapping Spring Data Redis repositories in DEFAULT mode.
2021-12-02 10:33:45.066 default [main] INFO  o.s.d.r.c.RepositoryConfigurationDelegate - Finished Spring Data repository scanning in 4 ms. Found 0 Redis repository interfaces.
2021-12-02 10:33:45.756 default [main] INFO  o.s.b.w.e.tomcat.TomcatWebServer - Tomcat initialized with port(s): 8080 (http)
2021-12-02 10:33:45.766 default [main] INFO  o.a.coyote.http11.Http11NioProtocol - Initializing ProtocolHandler ["http-nio-8080"]
2021-12-02 10:33:45.767 default [main] INFO  o.a.catalina.core.StandardService - Starting service [Tomcat]
2021-12-02 10:33:45.768 default [main] INFO  o.a.catalina.core.StandardEngine - Starting Servlet engine: [Apache Tomcat/9.0.54]
2021-12-02 10:33:45.931 default [main] INFO  o.a.c.c.C.[.[localhost].[/inspect] - Initializing Spring embedded WebApplicationContext
2021-12-02 10:33:45.931 default [main] INFO  o.s.b.w.s.c.ServletWebServerApplicationContext - Root WebApplicationContext: initialization completed in 1900 ms
2021-12-02 10:33:46.133 default [main] INFO  com.zaxxer.hikari.HikariDataSource - HikariPool-1 - Starting...
2021-12-02 10:33:46.266 default [main] INFO  com.zaxxer.hikari.HikariDataSource - HikariPool-1 - Start completed.
2021-12-02 10:33:46.307 default [main] INFO  o.h.jpa.internal.util.LogHelper - HHH000204: Processing PersistenceUnitInfo [name: default]
2021-12-02 10:33:46.354 default [main] INFO  org.hibernate.Version - HHH000412: Hibernate ORM core version 5.4.32.Final
2021-12-02 10:33:46.496 default [main] INFO  o.h.annotations.common.Version - HCANN000001: Hibernate Commons Annotations {5.1.2.Final}
2021-12-02 10:33:46.621 default [main] INFO  org.hibernate.dialect.Dialect - HHH000400: Using dialect: org.hibernate.dialect.MySQL57Dialect
2021-12-02 10:33:46.787 default [main] INFO  o.h.e.t.j.p.i.JtaPlatformInitiator - HHH000490: Using JtaPlatform implementation: [org.hibernate.engine.transaction.jta.platform.internal.NoJtaPlatform]
2021-12-02 10:33:46.801 default [main] INFO  o.s.o.j.LocalContainerEntityManagerFactoryBean - Initialized JPA EntityManagerFactory for persistence unit 'default'
2021-12-02 10:33:47.662 default [main] INFO  s.d.s.w.PropertySourcedRequestMappingHandlerMapping - Mapped URL path [/v2/api-docs] onto method [springfox.documentation.swagger2.web.Swagger2Controller#getDocumentation(String, HttpServletRequest)]
2021-12-02 10:33:48.067 default [main] INFO  o.a.coyote.http11.Http11NioProtocol - Starting ProtocolHandler ["http-nio-8080"]
2021-12-02 10:33:48.084 default [main] INFO  o.s.b.w.e.tomcat.TomcatWebServer - Tomcat started on port(s): 8080 (http) with context path '/inspect'
2021-12-02 10:33:48.085 default [main] INFO  s.d.s.w.p.DocumentationPluginsBootstrapper - Context refreshed
2021-12-02 10:33:48.102 default [main] INFO  s.d.s.w.p.DocumentationPluginsBootstrapper - Found 1 custom documentation plugin(s)
2021-12-02 10:33:48.135 default [main] INFO  s.d.s.w.s.ApiListingReferenceScanner - Scanning for api listing references
2021-12-02 10:33:48.291 default [main] INFO  c.f.inspection.InspectionApplication - Started InspectionApplication in 5.065 seconds (JVM running for 6.036)
2021-12-02 10:34:14.456 default [http-nio-8080-exec-1] INFO  o.a.c.c.C.[.[localhost].[/inspect] - Initializing Spring DispatcherServlet 'dispatcherServlet'
2021-12-02 10:34:14.456 default [http-nio-8080-exec-1] INFO  o.s.web.servlet.DispatcherServlet - Initializing Servlet 'dispatcherServlet'
2021-12-02 10:34:14.458 default [http-nio-8080-exec-1] INFO  o.s.web.servlet.DispatcherServlet - Completed initialization in 1 ms
2021-12-02 10:35:35.484 default [SpringApplicationShutdownHook] INFO  o.s.o.j.LocalContainerEntityManagerFactoryBean - Closing JPA EntityManagerFactory for persistence unit 'default'
2021-12-02 10:35:35.487 default [SpringApplicationShutdownHook] INFO  com.zaxxer.hikari.HikariDataSource - HikariPool-1 - Shutdown initiated...
2021-12-02 10:35:35.493 default [SpringApplicationShutdownHook] INFO  com.zaxxer.hikari.HikariDataSource - HikariPool-1 - Shutdown completed.
2021-12-02 10:38:27.405 default [main] INFO  c.f.inspection.InspectionApplication - Starting InspectionApplication using Java 1.8.0_181 on orz-PC with PID 5540 (F:\Code\springboot\springboot\inspectionManage\target\classes started by luojin in F:\Code\springboot\springboot\inspectionManage)
2021-12-02 10:38:27.409 default [main] INFO  c.f.inspection.InspectionApplication - No active profile set, falling back to default profiles: default
2021-12-02 10:38:28.422 default [main] INFO  o.s.d.r.c.RepositoryConfigurationDelegate - Multiple Spring Data modules found, entering strict repository configuration mode!
2021-12-02 10:38:28.423 default [main] INFO  o.s.d.r.c.RepositoryConfigurationDelegate - Bootstrapping Spring Data JPA repositories in DEFAULT mode.
2021-12-02 10:38:28.440 default [main] INFO  o.s.d.r.c.RepositoryConfigurationDelegate - Finished Spring Data repository scanning in 8 ms. Found 0 JPA repository interfaces.
2021-12-02 10:38:28.457 default [main] INFO  o.s.d.r.c.RepositoryConfigurationDelegate - Multiple Spring Data modules found, entering strict repository configuration mode!
2021-12-02 10:38:28.459 default [main] INFO  o.s.d.r.c.RepositoryConfigurationDelegate - Bootstrapping Spring Data Redis repositories in DEFAULT mode.
2021-12-02 10:38:28.472 default [main] INFO  o.s.d.r.c.RepositoryConfigurationDelegate - Finished Spring Data repository scanning in 4 ms. Found 0 Redis repository interfaces.
2021-12-02 10:38:29.225 default [main] INFO  o.s.b.w.e.tomcat.TomcatWebServer - Tomcat initialized with port(s): 8080 (http)
2021-12-02 10:38:29.236 default [main] INFO  o.a.coyote.http11.Http11NioProtocol - Initializing ProtocolHandler ["http-nio-8080"]
2021-12-02 10:38:29.237 default [main] INFO  o.a.catalina.core.StandardService - Starting service [Tomcat]
2021-12-02 10:38:29.237 default [main] INFO  o.a.catalina.core.StandardEngine - Starting Servlet engine: [Apache Tomcat/9.0.54]
2021-12-02 10:38:29.388 default [main] INFO  o.a.c.c.C.[.[localhost].[/inspect] - Initializing Spring embedded WebApplicationContext
2021-12-02 10:38:29.389 default [main] INFO  o.s.b.w.s.c.ServletWebServerApplicationContext - Root WebApplicationContext: initialization completed in 1922 ms
2021-12-02 10:38:29.615 default [main] INFO  com.zaxxer.hikari.HikariDataSource - HikariPool-1 - Starting...
2021-12-02 10:38:29.747 default [main] INFO  com.zaxxer.hikari.HikariDataSource - HikariPool-1 - Start completed.
2021-12-02 10:38:29.789 default [main] INFO  o.h.jpa.internal.util.LogHelper - HHH000204: Processing PersistenceUnitInfo [name: default]
2021-12-02 10:38:29.838 default [main] INFO  org.hibernate.Version - HHH000412: Hibernate ORM core version 5.4.32.Final
2021-12-02 10:38:29.969 default [main] INFO  o.h.annotations.common.Version - HCANN000001: Hibernate Commons Annotations {5.1.2.Final}
2021-12-02 10:38:30.086 default [main] INFO  org.hibernate.dialect.Dialect - HHH000400: Using dialect: org.hibernate.dialect.MySQL57Dialect
2021-12-02 10:38:30.256 default [main] INFO  o.h.e.t.j.p.i.JtaPlatformInitiator - HHH000490: Using JtaPlatform implementation: [org.hibernate.engine.transaction.jta.platform.internal.NoJtaPlatform]
2021-12-02 10:38:30.269 default [main] INFO  o.s.o.j.LocalContainerEntityManagerFactoryBean - Initialized JPA EntityManagerFactory for persistence unit 'default'
2021-12-02 10:38:31.132 default [main] INFO  s.d.s.w.PropertySourcedRequestMappingHandlerMapping - Mapped URL path [/v2/api-docs] onto method [springfox.documentation.swagger2.web.Swagger2Controller#getDocumentation(String, HttpServletRequest)]
2021-12-02 10:38:31.553 default [main] INFO  o.a.coyote.http11.Http11NioProtocol - Starting ProtocolHandler ["http-nio-8080"]
2021-12-02 10:38:31.572 default [main] INFO  o.s.b.w.e.tomcat.TomcatWebServer - Tomcat started on port(s): 8080 (http) with context path '/inspect'
2021-12-02 10:38:31.573 default [main] INFO  s.d.s.w.p.DocumentationPluginsBootstrapper - Context refreshed
2021-12-02 10:38:31.593 default [main] INFO  s.d.s.w.p.DocumentationPluginsBootstrapper - Found 1 custom documentation plugin(s)
2021-12-02 10:38:31.627 default [main] INFO  s.d.s.w.s.ApiListingReferenceScanner - Scanning for api listing references
2021-12-02 10:38:31.786 default [main] INFO  c.f.inspection.InspectionApplication - Started InspectionApplication in 5.116 seconds (JVM running for 6.033)
2021-12-02 10:38:51.941 default [http-nio-8080-exec-1] INFO  o.a.c.c.C.[.[localhost].[/inspect] - Initializing Spring DispatcherServlet 'dispatcherServlet'
2021-12-02 10:38:51.941 default [http-nio-8080-exec-1] INFO  o.s.web.servlet.DispatcherServlet - Initializing Servlet 'dispatcherServlet'
2021-12-02 10:38:51.943 default [http-nio-8080-exec-1] INFO  o.s.web.servlet.DispatcherServlet - Completed initialization in 2 ms
2021-12-02 10:44:45.030 default [SpringApplicationShutdownHook] INFO  o.s.o.j.LocalContainerEntityManagerFactoryBean - Closing JPA EntityManagerFactory for persistence unit 'default'
2021-12-02 10:44:45.035 default [SpringApplicationShutdownHook] INFO  com.zaxxer.hikari.HikariDataSource - HikariPool-1 - Shutdown initiated...
2021-12-02 10:44:45.041 default [SpringApplicationShutdownHook] INFO  com.zaxxer.hikari.HikariDataSource - HikariPool-1 - Shutdown completed.
2021-12-02 10:44:55.722 default [main] INFO  c.f.inspection.InspectionApplication - Starting InspectionApplication using Java 1.8.0_181 on orz-PC with PID 26240 (F:\Code\springboot\springboot\inspectionManage\target\classes started by luojin in F:\Code\springboot\springboot\inspectionManage)
2021-12-02 10:44:55.726 default [main] INFO  c.f.inspection.InspectionApplication - No active profile set, falling back to default profiles: default
2021-12-02 10:44:56.732 default [main] INFO  o.s.d.r.c.RepositoryConfigurationDelegate - Multiple Spring Data modules found, entering strict repository configuration mode!
2021-12-02 10:44:56.732 default [main] INFO  o.s.d.r.c.RepositoryConfigurationDelegate - Bootstrapping Spring Data JPA repositories in DEFAULT mode.
2021-12-02 10:44:56.749 default [main] INFO  o.s.d.r.c.RepositoryConfigurationDelegate - Finished Spring Data repository scanning in 8 ms. Found 0 JPA repository interfaces.
2021-12-02 10:44:56.766 default [main] INFO  o.s.d.r.c.RepositoryConfigurationDelegate - Multiple Spring Data modules found, entering strict repository configuration mode!
2021-12-02 10:44:56.767 default [main] INFO  o.s.d.r.c.RepositoryConfigurationDelegate - Bootstrapping Spring Data Redis repositories in DEFAULT mode.
2021-12-02 10:44:56.780 default [main] INFO  o.s.d.r.c.RepositoryConfigurationDelegate - Finished Spring Data repository scanning in 4 ms. Found 0 Redis repository interfaces.
2021-12-02 10:44:57.528 default [main] INFO  o.s.b.w.e.tomcat.TomcatWebServer - Tomcat initialized with port(s): 8080 (http)
2021-12-02 10:44:57.537 default [main] INFO  o.a.coyote.http11.Http11NioProtocol - Initializing ProtocolHandler ["http-nio-8080"]
2021-12-02 10:44:57.538 default [main] INFO  o.a.catalina.core.StandardService - Starting service [Tomcat]
2021-12-02 10:44:57.538 default [main] INFO  o.a.catalina.core.StandardEngine - Starting Servlet engine: [Apache Tomcat/9.0.54]
2021-12-02 10:44:57.787 default [main] INFO  o.a.c.c.C.[.[localhost].[/inspect] - Initializing Spring embedded WebApplicationContext
2021-12-02 10:44:57.787 default [main] INFO  o.s.b.w.s.c.ServletWebServerApplicationContext - Root WebApplicationContext: initialization completed in 1990 ms
2021-12-02 10:44:58.029 default [main] INFO  com.zaxxer.hikari.HikariDataSource - HikariPool-1 - Starting...
2021-12-02 10:44:58.173 default [main] INFO  com.zaxxer.hikari.HikariDataSource - HikariPool-1 - Start completed.
2021-12-02 10:44:58.216 default [main] INFO  o.h.jpa.internal.util.LogHelper - HHH000204: Processing PersistenceUnitInfo [name: default]
2021-12-02 10:44:58.277 default [main] INFO  org.hibernate.Version - HHH000412: Hibernate ORM core version 5.4.32.Final
2021-12-02 10:44:58.410 default [main] INFO  o.h.annotations.common.Version - HCANN000001: Hibernate Commons Annotations {5.1.2.Final}
2021-12-02 10:44:58.526 default [main] INFO  org.hibernate.dialect.Dialect - HHH000400: Using dialect: org.hibernate.dialect.MySQL57Dialect
2021-12-02 10:44:58.697 default [main] INFO  o.h.e.t.j.p.i.JtaPlatformInitiator - HHH000490: Using JtaPlatform implementation: [org.hibernate.engine.transaction.jta.platform.internal.NoJtaPlatform]
2021-12-02 10:44:58.711 default [main] INFO  o.s.o.j.LocalContainerEntityManagerFactoryBean - Initialized JPA EntityManagerFactory for persistence unit 'default'
2021-12-02 10:44:59.549 default [main] INFO  s.d.s.w.PropertySourcedRequestMappingHandlerMapping - Mapped URL path [/v2/api-docs] onto method [springfox.documentation.swagger2.web.Swagger2Controller#getDocumentation(String, HttpServletRequest)]
2021-12-02 10:44:59.951 default [main] INFO  o.a.coyote.http11.Http11NioProtocol - Starting ProtocolHandler ["http-nio-8080"]
2021-12-02 10:44:59.968 default [main] INFO  o.s.b.w.e.tomcat.TomcatWebServer - Tomcat started on port(s): 8080 (http) with context path '/inspect'
2021-12-02 10:44:59.969 default [main] INFO  s.d.s.w.p.DocumentationPluginsBootstrapper - Context refreshed
2021-12-02 10:44:59.987 default [main] INFO  s.d.s.w.p.DocumentationPluginsBootstrapper - Found 1 custom documentation plugin(s)
2021-12-02 10:45:00.019 default [main] INFO  s.d.s.w.s.ApiListingReferenceScanner - Scanning for api listing references
2021-12-02 10:45:00.179 default [main] INFO  c.f.inspection.InspectionApplication - Started InspectionApplication in 5.217 seconds (JVM running for 6.236)
2021-12-02 10:45:06.639 default [http-nio-8080-exec-1] INFO  o.a.c.c.C.[.[localhost].[/inspect] - Initializing Spring DispatcherServlet 'dispatcherServlet'
2021-12-02 10:45:06.640 default [http-nio-8080-exec-1] INFO  o.s.web.servlet.DispatcherServlet - Initializing Servlet 'dispatcherServlet'
2021-12-02 10:45:06.641 default [http-nio-8080-exec-1] INFO  o.s.web.servlet.DispatcherServlet - Completed initialization in 1 ms
2021-12-02 10:47:09.693 default [SpringApplicationShutdownHook] INFO  o.s.o.j.LocalContainerEntityManagerFactoryBean - Closing JPA EntityManagerFactory for persistence unit 'default'
2021-12-02 10:47:09.695 default [SpringApplicationShutdownHook] INFO  com.zaxxer.hikari.HikariDataSource - HikariPool-1 - Shutdown initiated...
2021-12-02 10:47:09.719 default [SpringApplicationShutdownHook] INFO  com.zaxxer.hikari.HikariDataSource - HikariPool-1 - Shutdown completed.
2021-12-02 10:47:19.921 default [main] INFO  c.f.inspection.InspectionApplication - Starting InspectionApplication using Java 1.8.0_181 on orz-PC with PID 22288 (F:\Code\springboot\springboot\inspectionManage\target\classes started by luojin in F:\Code\springboot\springboot\inspectionManage)
2021-12-02 10:47:19.924 default [main] INFO  c.f.inspection.InspectionApplication - No active profile set, falling back to default profiles: default
2021-12-02 10:47:21.068 default [main] INFO  o.s.d.r.c.RepositoryConfigurationDelegate - Multiple Spring Data modules found, entering strict repository configuration mode!
2021-12-02 10:47:21.068 default [main] INFO  o.s.d.r.c.RepositoryConfigurationDelegate - Bootstrapping Spring Data JPA repositories in DEFAULT mode.
2021-12-02 10:47:21.086 default [main] INFO  o.s.d.r.c.RepositoryConfigurationDelegate - Finished Spring Data repository scanning in 8 ms. Found 0 JPA repository interfaces.
2021-12-02 10:47:21.103 default [main] INFO  o.s.d.r.c.RepositoryConfigurationDelegate - Multiple Spring Data modules found, entering strict repository configuration mode!
2021-12-02 10:47:21.105 default [main] INFO  o.s.d.r.c.RepositoryConfigurationDelegate - Bootstrapping Spring Data Redis repositories in DEFAULT mode.
2021-12-02 10:47:21.120 default [main] INFO  o.s.d.r.c.RepositoryConfigurationDelegate - Finished Spring Data repository scanning in 4 ms. Found 0 Redis repository interfaces.
2021-12-02 10:47:21.814 default [main] INFO  o.s.b.w.e.tomcat.TomcatWebServer - Tomcat initialized with port(s): 8080 (http)
2021-12-02 10:47:21.823 default [main] INFO  o.a.coyote.http11.Http11NioProtocol - Initializing ProtocolHandler ["http-nio-8080"]
2021-12-02 10:47:21.824 default [main] INFO  o.a.catalina.core.StandardService - Starting service [Tomcat]
2021-12-02 10:47:21.824 default [main] INFO  o.a.catalina.core.StandardEngine - Starting Servlet engine: [Apache Tomcat/9.0.54]
2021-12-02 10:47:21.976 default [main] INFO  o.a.c.c.C.[.[localhost].[/inspect] - Initializing Spring embedded WebApplicationContext
2021-12-02 10:47:21.977 default [main] INFO  o.s.b.w.s.c.ServletWebServerApplicationContext - Root WebApplicationContext: initialization completed in 1990 ms
2021-12-02 10:47:22.260 default [main] INFO  com.zaxxer.hikari.HikariDataSource - HikariPool-1 - Starting...
2021-12-02 10:47:22.421 default [main] INFO  com.zaxxer.hikari.HikariDataSource - HikariPool-1 - Start completed.
2021-12-02 10:47:22.470 default [main] INFO  o.h.jpa.internal.util.LogHelper - HHH000204: Processing PersistenceUnitInfo [name: default]
2021-12-02 10:47:22.529 default [main] INFO  org.hibernate.Version - HHH000412: Hibernate ORM core version 5.4.32.Final
2021-12-02 10:47:22.677 default [main] INFO  o.h.annotations.common.Version - HCANN000001: Hibernate Commons Annotations {5.1.2.Final}
2021-12-02 10:47:22.798 default [main] INFO  org.hibernate.dialect.Dialect - HHH000400: Using dialect: org.hibernate.dialect.MySQL57Dialect
2021-12-02 10:47:22.971 default [main] INFO  o.h.e.t.j.p.i.JtaPlatformInitiator - HHH000490: Using JtaPlatform implementation: [org.hibernate.engine.transaction.jta.platform.internal.NoJtaPlatform]
2021-12-02 10:47:22.986 default [main] INFO  o.s.o.j.LocalContainerEntityManagerFactoryBean - Initialized JPA EntityManagerFactory for persistence unit 'default'
2021-12-02 10:47:23.863 default [main] INFO  s.d.s.w.PropertySourcedRequestMappingHandlerMapping - Mapped URL path [/v2/api-docs] onto method [springfox.documentation.swagger2.web.Swagger2Controller#getDocumentation(String, HttpServletRequest)]
2021-12-02 10:47:24.294 default [main] INFO  o.a.coyote.http11.Http11NioProtocol - Starting ProtocolHandler ["http-nio-8080"]
2021-12-02 10:47:24.313 default [main] INFO  o.s.b.w.e.tomcat.TomcatWebServer - Tomcat started on port(s): 8080 (http) with context path '/inspect'
2021-12-02 10:47:24.315 default [main] INFO  s.d.s.w.p.DocumentationPluginsBootstrapper - Context refreshed
2021-12-02 10:47:24.339 default [main] INFO  s.d.s.w.p.DocumentationPluginsBootstrapper - Found 1 custom documentation plugin(s)
2021-12-02 10:47:24.380 default [main] INFO  s.d.s.w.s.ApiListingReferenceScanner - Scanning for api listing references
2021-12-02 10:47:24.539 default [main] INFO  c.f.inspection.InspectionApplication - Started InspectionApplication in 5.242 seconds (JVM running for 6.156)
2021-12-02 10:47:42.914 default [http-nio-8080-exec-1] INFO  o.a.c.c.C.[.[localhost].[/inspect] - Initializing Spring DispatcherServlet 'dispatcherServlet'
2021-12-02 10:47:42.914 default [http-nio-8080-exec-1] INFO  o.s.web.servlet.DispatcherServlet - Initializing Servlet 'dispatcherServlet'
2021-12-02 10:47:42.916 default [http-nio-8080-exec-1] INFO  o.s.web.servlet.DispatcherServlet - Completed initialization in 1 ms
2021-12-02 10:49:20.035 default [SpringApplicationShutdownHook] INFO  o.s.o.j.LocalContainerEntityManagerFactoryBean - Closing JPA EntityManagerFactory for persistence unit 'default'
2021-12-02 10:49:20.037 default [SpringApplicationShutdownHook] INFO  com.zaxxer.hikari.HikariDataSource - HikariPool-1 - Shutdown initiated...
2021-12-02 10:49:20.043 default [SpringApplicationShutdownHook] INFO  com.zaxxer.hikari.HikariDataSource - HikariPool-1 - Shutdown completed.
2021-12-02 11:03:02.067 default [main] INFO  c.f.inspection.InspectionApplication - Starting InspectionApplication using Java 1.8.0_181 on orz-PC with PID 16068 (F:\Code\springboot\springboot\inspectionManage\target\classes started by luojin in F:\Code\springboot\springboot\inspectionManage)
2021-12-02 11:03:02.070 default [main] INFO  c.f.inspection.InspectionApplication - No active profile set, falling back to default profiles: default
2021-12-02 11:03:03.002 default [main] INFO  o.s.d.r.c.RepositoryConfigurationDelegate - Multiple Spring Data modules found, entering strict repository configuration mode!
2021-12-02 11:03:03.002 default [main] INFO  o.s.d.r.c.RepositoryConfigurationDelegate - Bootstrapping Spring Data JPA repositories in DEFAULT mode.
2021-12-02 11:03:03.018 default [main] INFO  o.s.d.r.c.RepositoryConfigurationDelegate - Finished Spring Data repository scanning in 8 ms. Found 0 JPA repository interfaces.
2021-12-02 11:03:03.034 default [main] INFO  o.s.d.r.c.RepositoryConfigurationDelegate - Multiple Spring Data modules found, entering strict repository configuration mode!
2021-12-02 11:03:03.036 default [main] INFO  o.s.d.r.c.RepositoryConfigurationDelegate - Bootstrapping Spring Data Redis repositories in DEFAULT mode.
2021-12-02 11:03:03.048 default [main] INFO  o.s.d.r.c.RepositoryConfigurationDelegate - Finished Spring Data repository scanning in 3 ms. Found 0 Redis repository interfaces.
2021-12-02 11:03:03.660 default [main] INFO  o.s.b.w.e.tomcat.TomcatWebServer - Tomcat initialized with port(s): 8080 (http)
2021-12-02 11:03:03.672 default [main] INFO  o.a.coyote.http11.Http11NioProtocol - Initializing ProtocolHandler ["http-nio-8080"]
2021-12-02 11:03:03.674 default [main] INFO  o.a.catalina.core.StandardService - Starting service [Tomcat]
2021-12-02 11:03:03.674 default [main] INFO  o.a.catalina.core.StandardEngine - Starting Servlet engine: [Apache Tomcat/9.0.54]
2021-12-02 11:03:03.873 default [main] INFO  o.a.c.c.C.[.[localhost].[/inspect] - Initializing Spring embedded WebApplicationContext
2021-12-02 11:03:03.874 default [main] INFO  o.s.b.w.s.c.ServletWebServerApplicationContext - Root WebApplicationContext: initialization completed in 1761 ms
2021-12-02 11:03:04.068 default [main] INFO  com.zaxxer.hikari.HikariDataSource - HikariPool-1 - Starting...
2021-12-02 11:03:04.185 default [main] INFO  com.zaxxer.hikari.HikariDataSource - HikariPool-1 - Start completed.
2021-12-02 11:03:04.224 default [main] INFO  o.h.jpa.internal.util.LogHelper - HHH000204: Processing PersistenceUnitInfo [name: default]
2021-12-02 11:03:04.264 default [main] INFO  org.hibernate.Version - HHH000412: Hibernate ORM core version 5.4.32.Final
2021-12-02 11:03:04.370 default [main] INFO  o.h.annotations.common.Version - HCANN000001: Hibernate Commons Annotations {5.1.2.Final}
2021-12-02 11:03:04.470 default [main] INFO  org.hibernate.dialect.Dialect - HHH000400: Using dialect: org.hibernate.dialect.MySQL57Dialect
2021-12-02 11:03:04.607 default [main] INFO  o.h.e.t.j.p.i.JtaPlatformInitiator - HHH000490: Using JtaPlatform implementation: [org.hibernate.engine.transaction.jta.platform.internal.NoJtaPlatform]
2021-12-02 11:03:04.618 default [main] INFO  o.s.o.j.LocalContainerEntityManagerFactoryBean - Initialized JPA EntityManagerFactory for persistence unit 'default'
2021-12-02 11:03:05.366 default [main] INFO  s.d.s.w.PropertySourcedRequestMappingHandlerMapping - Mapped URL path [/v2/api-docs] onto method [springfox.documentation.swagger2.web.Swagger2Controller#getDocumentation(String, HttpServletRequest)]
2021-12-02 11:03:05.741 default [main] INFO  o.a.coyote.http11.Http11NioProtocol - Starting ProtocolHandler ["http-nio-8080"]
2021-12-02 11:03:05.757 default [main] INFO  o.s.b.w.e.tomcat.TomcatWebServer - Tomcat started on port(s): 8080 (http) with context path '/inspect'
2021-12-02 11:03:05.758 default [main] INFO  s.d.s.w.p.DocumentationPluginsBootstrapper - Context refreshed
2021-12-02 11:03:05.772 default [main] INFO  s.d.s.w.p.DocumentationPluginsBootstrapper - Found 1 custom documentation plugin(s)
2021-12-02 11:03:05.798 default [main] INFO  s.d.s.w.s.ApiListingReferenceScanner - Scanning for api listing references
2021-12-02 11:03:05.936 default [main] INFO  c.f.inspection.InspectionApplication - Started InspectionApplication in 4.55 seconds (JVM running for 5.383)
2021-12-02 11:03:24.483 default [http-nio-8080-exec-1] INFO  o.a.c.c.C.[.[localhost].[/inspect] - Initializing Spring DispatcherServlet 'dispatcherServlet'
2021-12-02 11:03:24.484 default [http-nio-8080-exec-1] INFO  o.s.web.servlet.DispatcherServlet - Initializing Servlet 'dispatcherServlet'
2021-12-02 11:03:24.486 default [http-nio-8080-exec-1] INFO  o.s.web.servlet.DispatcherServlet - Completed initialization in 2 ms
2021-12-02 11:37:27.004 default [main] INFO  c.f.inspection.InspectionApplication - Starting InspectionApplication using Java 1.8.0_181 on orz-PC with PID 21400 (F:\Code\springboot\springboot\inspectionManage\target\classes started by luojin in F:\Code\springboot\springboot\inspectionManage)
2021-12-02 11:37:27.009 default [main] INFO  c.f.inspection.InspectionApplication - No active profile set, falling back to default profiles: default
2021-12-02 11:37:28.236 default [main] INFO  o.s.d.r.c.RepositoryConfigurationDelegate - Multiple Spring Data modules found, entering strict repository configuration mode!
2021-12-02 11:37:28.237 default [main] INFO  o.s.d.r.c.RepositoryConfigurationDelegate - Bootstrapping Spring Data JPA repositories in DEFAULT mode.
2021-12-02 11:37:28.252 default [main] INFO  o.s.d.r.c.RepositoryConfigurationDelegate - Finished Spring Data repository scanning in 8 ms. Found 0 JPA repository interfaces.
2021-12-02 11:37:28.268 default [main] INFO  o.s.d.r.c.RepositoryConfigurationDelegate - Multiple Spring Data modules found, entering strict repository configuration mode!
2021-12-02 11:37:28.269 default [main] INFO  o.s.d.r.c.RepositoryConfigurationDelegate - Bootstrapping Spring Data Redis repositories in DEFAULT mode.
2021-12-02 11:37:28.280 default [main] INFO  o.s.d.r.c.RepositoryConfigurationDelegate - Finished Spring Data repository scanning in 3 ms. Found 0 Redis repository interfaces.
2021-12-02 11:37:29.224 default [main] INFO  o.s.b.w.e.tomcat.TomcatWebServer - Tomcat initialized with port(s): 8080 (http)
2021-12-02 11:37:29.234 default [main] INFO  o.a.coyote.http11.Http11NioProtocol - Initializing ProtocolHandler ["http-nio-8080"]
2021-12-02 11:37:29.235 default [main] INFO  o.a.catalina.core.StandardService - Starting service [Tomcat]
2021-12-02 11:37:29.235 default [main] INFO  o.a.catalina.core.StandardEngine - Starting Servlet engine: [Apache Tomcat/9.0.54]
2021-12-02 11:37:29.468 default [main] INFO  o.a.c.c.C.[.[localhost].[/inspect] - Initializing Spring embedded WebApplicationContext
2021-12-02 11:37:29.469 default [main] INFO  o.s.b.w.s.c.ServletWebServerApplicationContext - Root WebApplicationContext: initialization completed in 2312 ms
2021-12-02 11:37:29.780 default [main] INFO  com.zaxxer.hikari.HikariDataSource - HikariPool-1 - Starting...
2021-12-02 11:37:29.908 default [main] INFO  com.zaxxer.hikari.HikariDataSource - HikariPool-1 - Start completed.
2021-12-02 11:37:30.034 default [main] INFO  o.h.jpa.internal.util.LogHelper - HHH000204: Processing PersistenceUnitInfo [name: default]
2021-12-02 11:37:30.462 default [main] INFO  org.hibernate.Version - HHH000412: Hibernate ORM core version 5.4.32.Final
2021-12-02 11:37:32.094 default [main] INFO  o.h.annotations.common.Version - HCANN000001: Hibernate Commons Annotations {5.1.2.Final}
2021-12-02 11:37:32.663 default [main] INFO  org.hibernate.dialect.Dialect - HHH000400: Using dialect: org.hibernate.dialect.MySQL57Dialect
2021-12-02 11:37:33.569 default [main] INFO  o.h.e.t.j.p.i.JtaPlatformInitiator - HHH000490: Using JtaPlatform implementation: [org.hibernate.engine.transaction.jta.platform.internal.NoJtaPlatform]
2021-12-02 11:37:33.626 default [main] INFO  o.s.o.j.LocalContainerEntityManagerFactoryBean - Initialized JPA EntityManagerFactory for persistence unit 'default'
2021-12-02 11:37:34.641 default [main] INFO  s.d.s.w.PropertySourcedRequestMappingHandlerMapping - Mapped URL path [/v2/api-docs] onto method [springfox.documentation.swagger2.web.Swagger2Controller#getDocumentation(String, HttpServletRequest)]
2021-12-02 11:37:35.044 default [main] INFO  o.a.coyote.http11.Http11NioProtocol - Starting ProtocolHandler ["http-nio-8080"]
2021-12-02 11:37:35.069 default [main] INFO  o.s.b.w.e.tomcat.TomcatWebServer - Tomcat started on port(s): 8080 (http) with context path '/inspect'
2021-12-02 11:37:35.070 default [main] INFO  s.d.s.w.p.DocumentationPluginsBootstrapper - Context refreshed
2021-12-02 11:37:35.205 default [main] INFO  s.d.s.w.p.DocumentationPluginsBootstrapper - Found 1 custom documentation plugin(s)
2021-12-02 11:37:35.335 default [main] INFO  s.d.s.w.s.ApiListingReferenceScanner - Scanning for api listing references
2021-12-02 11:37:35.636 default [main] INFO  c.f.inspection.InspectionApplication - Started InspectionApplication in 9.531 seconds (JVM running for 11.572)
2021-12-02 11:37:49.289 default [http-nio-8080-exec-1] INFO  o.a.c.c.C.[.[localhost].[/inspect] - Initializing Spring DispatcherServlet 'dispatcherServlet'
2021-12-02 11:37:49.289 default [http-nio-8080-exec-1] INFO  o.s.web.servlet.DispatcherServlet - Initializing Servlet 'dispatcherServlet'
2021-12-02 11:37:49.290 default [http-nio-8080-exec-1] INFO  o.s.web.servlet.DispatcherServlet - Completed initialization in 1 ms
2021-12-02 11:39:20.157 default [main] INFO  c.f.inspection.InspectionApplication - Starting InspectionApplication using Java 1.8.0_181 on orz-PC with PID 24964 (F:\Code\springboot\springboot\inspectionManage\target\classes started by luojin in F:\Code\springboot\springboot\inspectionManage)
2021-12-02 11:39:20.166 default [main] INFO  c.f.inspection.InspectionApplication - No active profile set, falling back to default profiles: default
2021-12-02 11:39:21.219 default [main] INFO  o.s.d.r.c.RepositoryConfigurationDelegate - Multiple Spring Data modules found, entering strict repository configuration mode!
2021-12-02 11:39:21.220 default [main] INFO  o.s.d.r.c.RepositoryConfigurationDelegate - Bootstrapping Spring Data JPA repositories in DEFAULT mode.
2021-12-02 11:39:21.249 default [main] INFO  o.s.d.r.c.RepositoryConfigurationDelegate - Finished Spring Data repository scanning in 15 ms. Found 0 JPA repository interfaces.
2021-12-02 11:39:21.278 default [main] INFO  o.s.d.r.c.RepositoryConfigurationDelegate - Multiple Spring Data modules found, entering strict repository configuration mode!
2021-12-02 11:39:21.281 default [main] INFO  o.s.d.r.c.RepositoryConfigurationDelegate - Bootstrapping Spring Data Redis repositories in DEFAULT mode.
2021-12-02 11:39:21.308 default [main] INFO  o.s.d.r.c.RepositoryConfigurationDelegate - Finished Spring Data repository scanning in 7 ms. Found 0 Redis repository interfaces.
2021-12-02 11:39:22.051 default [main] INFO  o.s.b.w.e.tomcat.TomcatWebServer - Tomcat initialized with port(s): 8080 (http)
2021-12-02 11:39:22.061 default [main] INFO  o.a.coyote.http11.Http11NioProtocol - Initializing ProtocolHandler ["http-nio-8080"]
2021-12-02 11:39:22.062 default [main] INFO  o.a.catalina.core.StandardService - Starting service [Tomcat]
2021-12-02 11:39:22.062 default [main] INFO  o.a.catalina.core.StandardEngine - Starting Servlet engine: [Apache Tomcat/9.0.54]
2021-12-02 11:39:22.226 default [main] INFO  o.a.c.c.C.[.[localhost].[/inspect] - Initializing Spring embedded WebApplicationContext
2021-12-02 11:39:22.227 default [main] INFO  o.s.b.w.s.c.ServletWebServerApplicationContext - Root WebApplicationContext: initialization completed in 1995 ms
2021-12-02 11:39:22.443 default [main] INFO  com.zaxxer.hikari.HikariDataSource - HikariPool-1 - Starting...
2021-12-02 11:39:22.577 default [main] INFO  com.zaxxer.hikari.HikariDataSource - HikariPool-1 - Start completed.
2021-12-02 11:39:22.621 default [main] INFO  o.h.jpa.internal.util.LogHelper - HHH000204: Processing PersistenceUnitInfo [name: default]
2021-12-02 11:39:22.671 default [main] INFO  org.hibernate.Version - HHH000412: Hibernate ORM core version 5.4.32.Final
2021-12-02 11:39:22.806 default [main] INFO  o.h.annotations.common.Version - HCANN000001: Hibernate Commons Annotations {5.1.2.Final}
2021-12-02 11:39:22.929 default [main] INFO  org.hibernate.dialect.Dialect - HHH000400: Using dialect: org.hibernate.dialect.MySQL57Dialect
2021-12-02 11:39:23.102 default [main] INFO  o.h.e.t.j.p.i.JtaPlatformInitiator - HHH000490: Using JtaPlatform implementation: [org.hibernate.engine.transaction.jta.platform.internal.NoJtaPlatform]
2021-12-02 11:39:23.116 default [main] INFO  o.s.o.j.LocalContainerEntityManagerFactoryBean - Initialized JPA EntityManagerFactory for persistence unit 'default'
2021-12-02 11:39:23.986 default [main] INFO  s.d.s.w.PropertySourcedRequestMappingHandlerMapping - Mapped URL path [/v2/api-docs] onto method [springfox.documentation.swagger2.web.Swagger2Controller#getDocumentation(String, HttpServletRequest)]
2021-12-02 11:39:24.398 default [main] INFO  o.a.coyote.http11.Http11NioProtocol - Starting ProtocolHandler ["http-nio-8080"]
2021-12-02 11:39:24.416 default [main] INFO  o.s.b.w.e.tomcat.TomcatWebServer - Tomcat started on port(s): 8080 (http) with context path '/inspect'
2021-12-02 11:39:24.418 default [main] INFO  s.d.s.w.p.DocumentationPluginsBootstrapper - Context refreshed
2021-12-02 11:39:24.438 default [main] INFO  s.d.s.w.p.DocumentationPluginsBootstrapper - Found 1 custom documentation plugin(s)
2021-12-02 11:39:24.472 default [main] INFO  s.d.s.w.s.ApiListingReferenceScanner - Scanning for api listing references
2021-12-02 11:39:24.631 default [main] INFO  c.f.inspection.InspectionApplication - Started InspectionApplication in 5.218 seconds (JVM running for 6.312)
2021-12-02 11:39:31.836 default [http-nio-8080-exec-1] INFO  o.a.c.c.C.[.[localhost].[/inspect] - Initializing Spring DispatcherServlet 'dispatcherServlet'
2021-12-02 11:39:31.837 default [http-nio-8080-exec-1] INFO  o.s.web.servlet.DispatcherServlet - Initializing Servlet 'dispatcherServlet'
2021-12-02 11:39:31.839 default [http-nio-8080-exec-1] INFO  o.s.web.servlet.DispatcherServlet - Completed initialization in 2 ms
2021-12-02 11:43:27.723 default [SpringApplicationShutdownHook] INFO  o.s.o.j.LocalContainerEntityManagerFactoryBean - Closing JPA EntityManagerFactory for persistence unit 'default'
2021-12-02 11:43:27.733 default [SpringApplicationShutdownHook] INFO  com.zaxxer.hikari.HikariDataSource - HikariPool-1 - Shutdown initiated...
2021-12-02 11:43:27.746 default [SpringApplicationShutdownHook] INFO  com.zaxxer.hikari.HikariDataSource - HikariPool-1 - Shutdown completed.
2021-12-02 11:43:38.652 default [main] INFO  c.f.inspection.InspectionApplication - Starting InspectionApplication using Java 1.8.0_181 on orz-PC with PID 26512 (F:\Code\springboot\springboot\inspectionManage\target\classes started by luojin in F:\Code\springboot\springboot\inspectionManage)
2021-12-02 11:43:38.656 default [main] INFO  c.f.inspection.InspectionApplication - No active profile set, falling back to default profiles: default
2021-12-02 11:43:39.813 default [main] INFO  o.s.d.r.c.RepositoryConfigurationDelegate - Multiple Spring Data modules found, entering strict repository configuration mode!
2021-12-02 11:43:39.814 default [main] INFO  o.s.d.r.c.RepositoryConfigurationDelegate - Bootstrapping Spring Data JPA repositories in DEFAULT mode.
2021-12-02 11:43:39.832 default [main] INFO  o.s.d.r.c.RepositoryConfigurationDelegate - Finished Spring Data repository scanning in 8 ms. Found 0 JPA repository interfaces.
2021-12-02 11:43:39.849 default [main] INFO  o.s.d.r.c.RepositoryConfigurationDelegate - Multiple Spring Data modules found, entering strict repository configuration mode!
2021-12-02 11:43:39.850 default [main] INFO  o.s.d.r.c.RepositoryConfigurationDelegate - Bootstrapping Spring Data Redis repositories in DEFAULT mode.
2021-12-02 11:43:39.863 default [main] INFO  o.s.d.r.c.RepositoryConfigurationDelegate - Finished Spring Data repository scanning in 3 ms. Found 0 Redis repository interfaces.
2021-12-02 11:43:40.553 default [main] INFO  o.s.b.w.e.tomcat.TomcatWebServer - Tomcat initialized with port(s): 8080 (http)
2021-12-02 11:43:40.562 default [main] INFO  o.a.coyote.http11.Http11NioProtocol - Initializing ProtocolHandler ["http-nio-8080"]
2021-12-02 11:43:40.563 default [main] INFO  o.a.catalina.core.StandardService - Starting service [Tomcat]
2021-12-02 11:43:40.563 default [main] INFO  o.a.catalina.core.StandardEngine - Starting Servlet engine: [Apache Tomcat/9.0.54]
2021-12-02 11:43:40.725 default [main] INFO  o.a.c.c.C.[.[localhost].[/inspect] - Initializing Spring embedded WebApplicationContext
2021-12-02 11:43:40.725 default [main] INFO  o.s.b.w.s.c.ServletWebServerApplicationContext - Root WebApplicationContext: initialization completed in 2005 ms
2021-12-02 11:43:40.945 default [main] INFO  com.zaxxer.hikari.HikariDataSource - HikariPool-1 - Starting...
2021-12-02 11:43:41.080 default [main] INFO  com.zaxxer.hikari.HikariDataSource - HikariPool-1 - Start completed.
2021-12-02 11:43:41.124 default [main] INFO  o.h.jpa.internal.util.LogHelper - HHH000204: Processing PersistenceUnitInfo [name: default]
2021-12-02 11:43:41.173 default [main] INFO  org.hibernate.Version - HHH000412: Hibernate ORM core version 5.4.32.Final
2021-12-02 11:43:41.308 default [main] INFO  o.h.annotations.common.Version - HCANN000001: Hibernate Commons Annotations {5.1.2.Final}
2021-12-02 11:43:41.427 default [main] INFO  org.hibernate.dialect.Dialect - HHH000400: Using dialect: org.hibernate.dialect.MySQL57Dialect
2021-12-02 11:43:41.599 default [main] INFO  o.h.e.t.j.p.i.JtaPlatformInitiator - HHH000490: Using JtaPlatform implementation: [org.hibernate.engine.transaction.jta.platform.internal.NoJtaPlatform]
2021-12-02 11:43:41.612 default [main] INFO  o.s.o.j.LocalContainerEntityManagerFactoryBean - Initialized JPA EntityManagerFactory for persistence unit 'default'
2021-12-02 11:43:42.479 default [main] INFO  s.d.s.w.PropertySourcedRequestMappingHandlerMapping - Mapped URL path [/v2/api-docs] onto method [springfox.documentation.swagger2.web.Swagger2Controller#getDocumentation(String, HttpServletRequest)]
2021-12-02 11:43:42.891 default [main] INFO  o.a.coyote.http11.Http11NioProtocol - Starting ProtocolHandler ["http-nio-8080"]
2021-12-02 11:43:42.909 default [main] INFO  o.s.b.w.e.tomcat.TomcatWebServer - Tomcat started on port(s): 8080 (http) with context path '/inspect'
2021-12-02 11:43:42.911 default [main] INFO  s.d.s.w.p.DocumentationPluginsBootstrapper - Context refreshed
2021-12-02 11:43:42.928 default [main] INFO  s.d.s.w.p.DocumentationPluginsBootstrapper - Found 1 custom documentation plugin(s)
2021-12-02 11:43:42.961 default [main] INFO  s.d.s.w.s.ApiListingReferenceScanner - Scanning for api listing references
2021-12-02 11:43:43.118 default [main] INFO  c.f.inspection.InspectionApplication - Started InspectionApplication in 5.129 seconds (JVM running for 5.969)
2021-12-02 11:43:56.701 default [http-nio-8080-exec-1] INFO  o.a.c.c.C.[.[localhost].[/inspect] - Initializing Spring DispatcherServlet 'dispatcherServlet'
2021-12-02 11:43:56.702 default [http-nio-8080-exec-1] INFO  o.s.web.servlet.DispatcherServlet - Initializing Servlet 'dispatcherServlet'
2021-12-02 11:43:56.704 default [http-nio-8080-exec-1] INFO  o.s.web.servlet.DispatcherServlet - Completed initialization in 2 ms
2021-12-02 16:53:15.798 default [main] INFO  c.f.inspection.InspectionApplication - Starting InspectionApplication using Java 1.8.0_181 on orz-PC with PID 30124 (F:\Code\springboot\springboot\inspectionManage\target\classes started by luojin in F:\Code\springboot\springboot\inspectionManage)
2021-12-02 16:53:15.859 default [main] INFO  c.f.inspection.InspectionApplication - No active profile set, falling back to default profiles: default
2021-12-02 16:53:21.191 default [main] INFO  o.s.d.r.c.RepositoryConfigurationDelegate - Multiple Spring Data modules found, entering strict repository configuration mode!
2021-12-02 16:53:21.192 default [main] INFO  o.s.d.r.c.RepositoryConfigurationDelegate - Bootstrapping Spring Data JPA repositories in DEFAULT mode.
2021-12-02 16:53:21.263 default [main] INFO  o.s.d.r.c.RepositoryConfigurationDelegate - Finished Spring Data repository scanning in 23 ms. Found 0 JPA repository interfaces.
2021-12-02 16:53:21.474 default [main] INFO  o.s.d.r.c.RepositoryConfigurationDelegate - Multiple Spring Data modules found, entering strict repository configuration mode!
2021-12-02 16:53:21.485 default [main] INFO  o.s.d.r.c.RepositoryConfigurationDelegate - Bootstrapping Spring Data Redis repositories in DEFAULT mode.
2021-12-02 16:53:21.584 default [main] INFO  o.s.d.r.c.RepositoryConfigurationDelegate - Finished Spring Data repository scanning in 10 ms. Found 0 Redis repository interfaces.
2021-12-02 16:53:24.343 default [main] INFO  o.s.b.w.e.tomcat.TomcatWebServer - Tomcat initialized with port(s): 8080 (http)
2021-12-02 16:53:24.369 default [main] INFO  o.a.coyote.http11.Http11NioProtocol - Initializing ProtocolHandler ["http-nio-8080"]
2021-12-02 16:53:24.374 default [main] INFO  o.a.catalina.core.StandardService - Starting service [Tomcat]
2021-12-02 16:53:24.374 default [main] INFO  o.a.catalina.core.StandardEngine - Starting Servlet engine: [Apache Tomcat/9.0.54]
2021-12-02 16:53:24.675 default [main] INFO  o.a.c.c.C.[.[localhost].[/inspect] - Initializing Spring embedded WebApplicationContext
2021-12-02 16:53:24.675 default [main] INFO  o.s.b.w.s.c.ServletWebServerApplicationContext - Root WebApplicationContext: initialization completed in 8299 ms
2021-12-02 16:53:25.965 default [main] INFO  com.zaxxer.hikari.HikariDataSource - HikariPool-1 - Starting...
2021-12-02 16:53:26.531 default [main] INFO  com.zaxxer.hikari.HikariDataSource - HikariPool-1 - Start completed.
2021-12-02 16:53:26.817 default [main] INFO  o.h.jpa.internal.util.LogHelper - HHH000204: Processing PersistenceUnitInfo [name: default]
2021-12-02 16:53:27.310 default [main] INFO  org.hibernate.Version - HHH000412: Hibernate ORM core version 5.4.32.Final
2021-12-02 16:53:28.532 default [main] INFO  o.h.annotations.common.Version - HCANN000001: Hibernate Commons Annotations {5.1.2.Final}
2021-12-02 16:53:29.278 default [main] INFO  org.hibernate.dialect.Dialect - HHH000400: Using dialect: org.hibernate.dialect.MySQL57Dialect
2021-12-02 16:53:31.036 default [main] INFO  o.h.e.t.j.p.i.JtaPlatformInitiator - HHH000490: Using JtaPlatform implementation: [org.hibernate.engine.transaction.jta.platform.internal.NoJtaPlatform]
2021-12-02 16:53:31.166 default [main] INFO  o.s.o.j.LocalContainerEntityManagerFactoryBean - Initialized JPA EntityManagerFactory for persistence unit 'default'
2021-12-02 16:53:39.383 default [main] INFO  s.d.s.w.PropertySourcedRequestMappingHandlerMapping - Mapped URL path [/v2/api-docs] onto method [springfox.documentation.swagger2.web.Swagger2Controller#getDocumentation(String, HttpServletRequest)]
2021-12-02 16:53:40.467 default [main] INFO  o.s.o.j.LocalContainerEntityManagerFactoryBean - Closing JPA EntityManagerFactory for persistence unit 'default'
2021-12-02 16:53:40.480 default [main] INFO  com.zaxxer.hikari.HikariDataSource - HikariPool-1 - Shutdown initiated...
2021-12-02 16:53:40.513 default [main] INFO  com.zaxxer.hikari.HikariDataSource - HikariPool-1 - Shutdown completed.
2021-12-02 16:53:40.516 default [main] INFO  o.a.catalina.core.StandardService - Stopping service [Tomcat]
2021-12-02 16:53:40.551 default [main] INFO  o.s.b.a.l.ConditionEvaluationReportLoggingListener - 

Error starting ApplicationContext. To display the conditions report re-run your application with 'debug' enabled.
2021-12-02 17:01:17.649 default [main] INFO  c.f.inspection.InspectionApplication - Starting InspectionApplication using Java 1.8.0_181 on orz-PC with PID 32352 (F:\Code\springboot\springboot\inspectionManage\target\classes started by luojin in F:\Code\springboot\springboot\inspectionManage)
2021-12-02 17:01:17.762 default [main] INFO  c.f.inspection.InspectionApplication - No active profile set, falling back to default profiles: default
2021-12-02 17:01:24.263 default [main] INFO  o.s.d.r.c.RepositoryConfigurationDelegate - Multiple Spring Data modules found, entering strict repository configuration mode!
2021-12-02 17:01:24.265 default [main] INFO  o.s.d.r.c.RepositoryConfigurationDelegate - Bootstrapping Spring Data JPA repositories in DEFAULT mode.
2021-12-02 17:01:24.398 default [main] INFO  o.s.d.r.c.RepositoryConfigurationDelegate - Finished Spring Data repository scanning in 26 ms. Found 0 JPA repository interfaces.
2021-12-02 17:01:24.523 default [main] INFO  o.s.d.r.c.RepositoryConfigurationDelegate - Multiple Spring Data modules found, entering strict repository configuration mode!
2021-12-02 17:01:24.525 default [main] INFO  o.s.d.r.c.RepositoryConfigurationDelegate - Bootstrapping Spring Data Redis repositories in DEFAULT mode.
2021-12-02 17:01:24.691 default [main] INFO  o.s.d.r.c.RepositoryConfigurationDelegate - Finished Spring Data repository scanning in 10 ms. Found 0 Redis repository interfaces.
2021-12-02 17:01:28.402 default [main] INFO  o.s.b.w.e.tomcat.TomcatWebServer - Tomcat initialized with port(s): 8080 (http)
2021-12-02 17:01:28.418 default [main] INFO  o.a.coyote.http11.Http11NioProtocol - Initializing ProtocolHandler ["http-nio-8080"]
2021-12-02 17:01:28.420 default [main] INFO  o.a.catalina.core.StandardService - Starting service [Tomcat]
2021-12-02 17:01:28.420 default [main] INFO  o.a.catalina.core.StandardEngine - Starting Servlet engine: [Apache Tomcat/9.0.54]
2021-12-02 17:01:28.656 default [main] INFO  o.a.c.c.C.[.[localhost].[/inspect] - Initializing Spring embedded WebApplicationContext
2021-12-02 17:01:28.657 default [main] INFO  o.s.b.w.s.c.ServletWebServerApplicationContext - Root WebApplicationContext: initialization completed in 10503 ms
2021-12-02 17:01:29.188 default [main] INFO  com.zaxxer.hikari.HikariDataSource - HikariPool-1 - Starting...
2021-12-02 17:01:29.545 default [main] INFO  com.zaxxer.hikari.HikariDataSource - HikariPool-1 - Start completed.
2021-12-02 17:01:29.841 default [main] INFO  o.h.jpa.internal.util.LogHelper - HHH000204: Processing PersistenceUnitInfo [name: default]
2021-12-02 17:01:30.542 default [main] INFO  org.hibernate.Version - HHH000412: Hibernate ORM core version 5.4.32.Final
2021-12-02 17:01:32.159 default [main] INFO  o.h.annotations.common.Version - HCANN000001: Hibernate Commons Annotations {5.1.2.Final}
2021-12-02 17:01:32.811 default [main] INFO  org.hibernate.dialect.Dialect - HHH000400: Using dialect: org.hibernate.dialect.MySQL57Dialect
2021-12-02 17:01:33.836 default [main] INFO  o.h.e.t.j.p.i.JtaPlatformInitiator - HHH000490: Using JtaPlatform implementation: [org.hibernate.engine.transaction.jta.platform.internal.NoJtaPlatform]
2021-12-02 17:01:33.891 default [main] INFO  o.s.o.j.LocalContainerEntityManagerFactoryBean - Initialized JPA EntityManagerFactory for persistence unit 'default'
2021-12-02 17:01:38.163 default [main] INFO  s.d.s.w.PropertySourcedRequestMappingHandlerMapping - Mapped URL path [/v2/api-docs] onto method [springfox.documentation.swagger2.web.Swagger2Controller#getDocumentation(String, HttpServletRequest)]
2021-12-02 17:01:40.751 default [main] INFO  o.a.coyote.http11.Http11NioProtocol - Starting ProtocolHandler ["http-nio-8080"]
2021-12-02 17:01:40.817 default [main] INFO  o.s.b.w.e.tomcat.TomcatWebServer - Tomcat started on port(s): 8080 (http) with context path '/inspect'
2021-12-02 17:01:40.819 default [main] INFO  s.d.s.w.p.DocumentationPluginsBootstrapper - Context refreshed
2021-12-02 17:01:41.147 default [main] INFO  s.d.s.w.p.DocumentationPluginsBootstrapper - Found 1 custom documentation plugin(s)
2021-12-02 17:01:41.313 default [main] INFO  s.d.s.w.s.ApiListingReferenceScanner - Scanning for api listing references
2021-12-02 17:01:41.953 default [main] INFO  c.f.inspection.InspectionApplication - Started InspectionApplication in 26.007 seconds (JVM running for 29.552)
2021-12-02 17:02:25.147 default [http-nio-8080-exec-1] INFO  o.a.c.c.C.[.[localhost].[/inspect] - Initializing Spring DispatcherServlet 'dispatcherServlet'
2021-12-02 17:02:25.148 default [http-nio-8080-exec-1] INFO  o.s.web.servlet.DispatcherServlet - Initializing Servlet 'dispatcherServlet'
2021-12-02 17:02:25.151 default [http-nio-8080-exec-1] INFO  o.s.web.servlet.DispatcherServlet - Completed initialization in 3 ms
2021-12-02 17:15:53.028 default [main] INFO  c.f.inspection.InspectionApplication - Starting InspectionApplication using Java 1.8.0_181 on orz-PC with PID 31000 (F:\Code\springboot\springboot\inspectionManage\target\classes started by luojin in F:\Code\springboot\springboot\inspectionManage)
2021-12-02 17:15:53.035 default [main] INFO  c.f.inspection.InspectionApplication - No active profile set, falling back to default profiles: default
2021-12-02 17:15:54.253 default [main] INFO  o.s.d.r.c.RepositoryConfigurationDelegate - Multiple Spring Data modules found, entering strict repository configuration mode!
2021-12-02 17:15:54.254 default [main] INFO  o.s.d.r.c.RepositoryConfigurationDelegate - Bootstrapping Spring Data JPA repositories in DEFAULT mode.
2021-12-02 17:15:54.270 default [main] INFO  o.s.d.r.c.RepositoryConfigurationDelegate - Finished Spring Data repository scanning in 9 ms. Found 0 JPA repository interfaces.
2021-12-02 17:15:54.286 default [main] INFO  o.s.d.r.c.RepositoryConfigurationDelegate - Multiple Spring Data modules found, entering strict repository configuration mode!
2021-12-02 17:15:54.287 default [main] INFO  o.s.d.r.c.RepositoryConfigurationDelegate - Bootstrapping Spring Data Redis repositories in DEFAULT mode.
2021-12-02 17:15:54.299 default [main] INFO  o.s.d.r.c.RepositoryConfigurationDelegate - Finished Spring Data repository scanning in 4 ms. Found 0 Redis repository interfaces.
2021-12-02 17:15:55.166 default [main] INFO  o.s.b.w.e.tomcat.TomcatWebServer - Tomcat initialized with port(s): 8080 (http)
2021-12-02 17:15:55.178 default [main] INFO  o.a.coyote.http11.Http11NioProtocol - Initializing ProtocolHandler ["http-nio-8080"]
2021-12-02 17:15:55.179 default [main] INFO  o.a.catalina.core.StandardService - Starting service [Tomcat]
2021-12-02 17:15:55.179 default [main] INFO  o.a.catalina.core.StandardEngine - Starting Servlet engine: [Apache Tomcat/9.0.54]
2021-12-02 17:15:55.389 default [main] INFO  o.a.c.c.C.[.[localhost].[/inspect] - Initializing Spring embedded WebApplicationContext
2021-12-02 17:15:55.389 default [main] INFO  o.s.b.w.s.c.ServletWebServerApplicationContext - Root WebApplicationContext: initialization completed in 2293 ms
2021-12-02 17:15:55.718 default [main] INFO  com.zaxxer.hikari.HikariDataSource - HikariPool-1 - Starting...
2021-12-02 17:15:55.833 default [main] INFO  com.zaxxer.hikari.HikariDataSource - HikariPool-1 - Start completed.
2021-12-02 17:15:55.946 default [main] INFO  o.h.jpa.internal.util.LogHelper - HHH000204: Processing PersistenceUnitInfo [name: default]
2021-12-02 17:15:56.398 default [main] INFO  org.hibernate.Version - HHH000412: Hibernate ORM core version 5.4.32.Final
2021-12-02 17:15:57.446 default [main] INFO  o.h.annotations.common.Version - HCANN000001: Hibernate Commons Annotations {5.1.2.Final}
2021-12-02 17:15:57.992 default [main] INFO  org.hibernate.dialect.Dialect - HHH000400: Using dialect: org.hibernate.dialect.MySQL57Dialect
2021-12-02 17:15:58.923 default [main] INFO  o.h.e.t.j.p.i.JtaPlatformInitiator - HHH000490: Using JtaPlatform implementation: [org.hibernate.engine.transaction.jta.platform.internal.NoJtaPlatform]
2021-12-02 17:15:58.981 default [main] INFO  o.s.o.j.LocalContainerEntityManagerFactoryBean - Initialized JPA EntityManagerFactory for persistence unit 'default'
2021-12-02 17:16:00.147 default [main] INFO  s.d.s.w.PropertySourcedRequestMappingHandlerMapping - Mapped URL path [/v2/api-docs] onto method [springfox.documentation.swagger2.web.Swagger2Controller#getDocumentation(String, HttpServletRequest)]
2021-12-02 17:16:00.648 default [main] INFO  o.a.coyote.http11.Http11NioProtocol - Starting ProtocolHandler ["http-nio-8080"]
2021-12-02 17:16:00.663 default [main] INFO  o.s.b.w.e.tomcat.TomcatWebServer - Tomcat started on port(s): 8080 (http) with context path '/inspect'
2021-12-02 17:16:00.664 default [main] INFO  s.d.s.w.p.DocumentationPluginsBootstrapper - Context refreshed
2021-12-02 17:16:00.891 default [main] INFO  s.d.s.w.p.DocumentationPluginsBootstrapper - Found 1 custom documentation plugin(s)
2021-12-02 17:16:01.011 default [main] INFO  s.d.s.w.s.ApiListingReferenceScanner - Scanning for api listing references
2021-12-02 17:16:01.356 default [main] INFO  c.f.inspection.InspectionApplication - Started InspectionApplication in 9.008 seconds (JVM running for 10.062)
2021-12-02 17:16:19.216 default [http-nio-8080-exec-1] INFO  o.a.c.c.C.[.[localhost].[/inspect] - Initializing Spring DispatcherServlet 'dispatcherServlet'
2021-12-02 17:16:19.217 default [http-nio-8080-exec-1] INFO  o.s.web.servlet.DispatcherServlet - Initializing Servlet 'dispatcherServlet'
2021-12-02 17:16:19.219 default [http-nio-8080-exec-1] INFO  o.s.web.servlet.DispatcherServlet - Completed initialization in 2 ms
2021-12-02 17:27:56.657 default [main] INFO  c.f.inspection.InspectionApplication - Starting InspectionApplication using Java 1.8.0_181 on orz-PC with PID 28448 (F:\Code\springboot\springboot\inspectionManage\target\classes started by luojin in F:\Code\springboot\springboot\inspectionManage)
2021-12-02 17:27:56.660 default [main] INFO  c.f.inspection.InspectionApplication - No active profile set, falling back to default profiles: default
2021-12-02 17:27:57.533 default [main] INFO  o.s.d.r.c.RepositoryConfigurationDelegate - Multiple Spring Data modules found, entering strict repository configuration mode!
2021-12-02 17:27:57.534 default [main] INFO  o.s.d.r.c.RepositoryConfigurationDelegate - Bootstrapping Spring Data JPA repositories in DEFAULT mode.
2021-12-02 17:27:57.551 default [main] INFO  o.s.d.r.c.RepositoryConfigurationDelegate - Finished Spring Data repository scanning in 9 ms. Found 0 JPA repository interfaces.
2021-12-02 17:27:57.568 default [main] INFO  o.s.d.r.c.RepositoryConfigurationDelegate - Multiple Spring Data modules found, entering strict repository configuration mode!
2021-12-02 17:27:57.569 default [main] INFO  o.s.d.r.c.RepositoryConfigurationDelegate - Bootstrapping Spring Data Redis repositories in DEFAULT mode.
2021-12-02 17:27:57.583 default [main] INFO  o.s.d.r.c.RepositoryConfigurationDelegate - Finished Spring Data repository scanning in 5 ms. Found 0 Redis repository interfaces.
2021-12-02 17:27:58.202 default [main] INFO  o.s.b.w.e.tomcat.TomcatWebServer - Tomcat initialized with port(s): 8080 (http)
2021-12-02 17:27:58.210 default [main] INFO  o.a.coyote.http11.Http11NioProtocol - Initializing ProtocolHandler ["http-nio-8080"]
2021-12-02 17:27:58.211 default [main] INFO  o.a.catalina.core.StandardService - Starting service [Tomcat]
2021-12-02 17:27:58.211 default [main] INFO  o.a.catalina.core.StandardEngine - Starting Servlet engine: [Apache Tomcat/9.0.54]
2021-12-02 17:27:58.350 default [main] INFO  o.a.c.c.C.[.[localhost].[/inspect] - Initializing Spring embedded WebApplicationContext
2021-12-02 17:27:58.351 default [main] INFO  o.s.b.w.s.c.ServletWebServerApplicationContext - Root WebApplicationContext: initialization completed in 1643 ms
2021-12-02 17:27:58.564 default [main] INFO  com.zaxxer.hikari.HikariDataSource - HikariPool-1 - Starting...
2021-12-02 17:27:58.683 default [main] INFO  com.zaxxer.hikari.HikariDataSource - HikariPool-1 - Start completed.
2021-12-02 17:27:58.721 default [main] INFO  o.h.jpa.internal.util.LogHelper - HHH000204: Processing PersistenceUnitInfo [name: default]
2021-12-02 17:27:58.760 default [main] INFO  org.hibernate.Version - HHH000412: Hibernate ORM core version 5.4.32.Final
2021-12-02 17:27:58.867 default [main] INFO  o.h.annotations.common.Version - HCANN000001: Hibernate Commons Annotations {5.1.2.Final}
2021-12-02 17:27:58.963 default [main] INFO  org.hibernate.dialect.Dialect - HHH000400: Using dialect: org.hibernate.dialect.MySQL57Dialect
2021-12-02 17:27:59.106 default [main] INFO  o.h.e.t.j.p.i.JtaPlatformInitiator - HHH000490: Using JtaPlatform implementation: [org.hibernate.engine.transaction.jta.platform.internal.NoJtaPlatform]
2021-12-02 17:27:59.118 default [main] INFO  o.s.o.j.LocalContainerEntityManagerFactoryBean - Initialized JPA EntityManagerFactory for persistence unit 'default'
2021-12-02 17:27:59.985 default [main] INFO  s.d.s.w.PropertySourcedRequestMappingHandlerMapping - Mapped URL path [/v2/api-docs] onto method [springfox.documentation.swagger2.web.Swagger2Controller#getDocumentation(String, HttpServletRequest)]
2021-12-02 17:28:00.373 default [main] INFO  o.a.coyote.http11.Http11NioProtocol - Starting ProtocolHandler ["http-nio-8080"]
2021-12-02 17:28:00.389 default [main] INFO  o.s.b.w.e.tomcat.TomcatWebServer - Tomcat started on port(s): 8080 (http) with context path '/inspect'
2021-12-02 17:28:00.390 default [main] INFO  s.d.s.w.p.DocumentationPluginsBootstrapper - Context refreshed
2021-12-02 17:28:00.407 default [main] INFO  s.d.s.w.p.DocumentationPluginsBootstrapper - Found 1 custom documentation plugin(s)
2021-12-02 17:28:00.434 default [main] INFO  s.d.s.w.s.ApiListingReferenceScanner - Scanning for api listing references
2021-12-02 17:28:00.599 default [main] INFO  c.f.inspection.InspectionApplication - Started InspectionApplication in 4.584 seconds (JVM running for 5.375)
2021-12-02 17:28:41.183 default [http-nio-8080-exec-1] INFO  o.a.c.c.C.[.[localhost].[/inspect] - Initializing Spring DispatcherServlet 'dispatcherServlet'
2021-12-02 17:28:41.183 default [http-nio-8080-exec-1] INFO  o.s.web.servlet.DispatcherServlet - Initializing Servlet 'dispatcherServlet'
2021-12-02 17:28:41.184 default [http-nio-8080-exec-1] INFO  o.s.web.servlet.DispatcherServlet - Completed initialization in 1 ms
2021-12-02 17:37:43.062 default [main] INFO  c.f.inspection.InspectionApplication - Starting InspectionApplication using Java 1.8.0_181 on orz-PC with PID 28380 (F:\Code\springboot\springboot\inspectionManage\target\classes started by luojin in F:\Code\springboot\springboot\inspectionManage)
2021-12-02 17:37:43.065 default [main] INFO  c.f.inspection.InspectionApplication - No active profile set, falling back to default profiles: default
2021-12-02 17:37:44.042 default [main] INFO  o.s.d.r.c.RepositoryConfigurationDelegate - Multiple Spring Data modules found, entering strict repository configuration mode!
2021-12-02 17:37:44.042 default [main] INFO  o.s.d.r.c.RepositoryConfigurationDelegate - Bootstrapping Spring Data JPA repositories in DEFAULT mode.
2021-12-02 17:37:44.058 default [main] INFO  o.s.d.r.c.RepositoryConfigurationDelegate - Finished Spring Data repository scanning in 9 ms. Found 0 JPA repository interfaces.
2021-12-02 17:37:44.073 default [main] INFO  o.s.d.r.c.RepositoryConfigurationDelegate - Multiple Spring Data modules found, entering strict repository configuration mode!
2021-12-02 17:37:44.075 default [main] INFO  o.s.d.r.c.RepositoryConfigurationDelegate - Bootstrapping Spring Data Redis repositories in DEFAULT mode.
2021-12-02 17:37:44.087 default [main] INFO  o.s.d.r.c.RepositoryConfigurationDelegate - Finished Spring Data repository scanning in 4 ms. Found 0 Redis repository interfaces.
2021-12-02 17:37:44.703 default [main] INFO  o.s.b.w.e.tomcat.TomcatWebServer - Tomcat initialized with port(s): 8080 (http)
2021-12-02 17:37:44.712 default [main] INFO  o.a.coyote.http11.Http11NioProtocol - Initializing ProtocolHandler ["http-nio-8080"]
2021-12-02 17:37:44.713 default [main] INFO  o.a.catalina.core.StandardService - Starting service [Tomcat]
2021-12-02 17:37:44.713 default [main] INFO  o.a.catalina.core.StandardEngine - Starting Servlet engine: [Apache Tomcat/9.0.54]
2021-12-02 17:37:44.876 default [main] INFO  o.a.c.c.C.[.[localhost].[/inspect] - Initializing Spring embedded WebApplicationContext
2021-12-02 17:37:44.877 default [main] INFO  o.s.b.w.s.c.ServletWebServerApplicationContext - Root WebApplicationContext: initialization completed in 1749 ms
2021-12-02 17:37:45.066 default [main] INFO  com.zaxxer.hikari.HikariDataSource - HikariPool-1 - Starting...
2021-12-02 17:37:45.181 default [main] INFO  com.zaxxer.hikari.HikariDataSource - HikariPool-1 - Start completed.
2021-12-02 17:37:45.220 default [main] INFO  o.h.jpa.internal.util.LogHelper - HHH000204: Processing PersistenceUnitInfo [name: default]
2021-12-02 17:37:45.258 default [main] INFO  org.hibernate.Version - HHH000412: Hibernate ORM core version 5.4.32.Final
2021-12-02 17:37:45.365 default [main] INFO  o.h.annotations.common.Version - HCANN000001: Hibernate Commons Annotations {5.1.2.Final}
2021-12-02 17:37:45.462 default [main] INFO  org.hibernate.dialect.Dialect - HHH000400: Using dialect: org.hibernate.dialect.MySQL57Dialect
2021-12-02 17:37:45.606 default [main] INFO  o.h.e.t.j.p.i.JtaPlatformInitiator - HHH000490: Using JtaPlatform implementation: [org.hibernate.engine.transaction.jta.platform.internal.NoJtaPlatform]
2021-12-02 17:37:45.617 default [main] INFO  o.s.o.j.LocalContainerEntityManagerFactoryBean - Initialized JPA EntityManagerFactory for persistence unit 'default'
2021-12-02 17:37:46.370 default [main] INFO  s.d.s.w.PropertySourcedRequestMappingHandlerMapping - Mapped URL path [/v2/api-docs] onto method [springfox.documentation.swagger2.web.Swagger2Controller#getDocumentation(String, HttpServletRequest)]
2021-12-02 17:37:46.743 default [main] INFO  o.a.coyote.http11.Http11NioProtocol - Starting ProtocolHandler ["http-nio-8080"]
2021-12-02 17:37:46.758 default [main] INFO  o.s.b.w.e.tomcat.TomcatWebServer - Tomcat started on port(s): 8080 (http) with context path '/inspect'
2021-12-02 17:37:46.759 default [main] INFO  s.d.s.w.p.DocumentationPluginsBootstrapper - Context refreshed
2021-12-02 17:37:46.774 default [main] INFO  s.d.s.w.p.DocumentationPluginsBootstrapper - Found 1 custom documentation plugin(s)
2021-12-02 17:37:46.800 default [main] INFO  s.d.s.w.s.ApiListingReferenceScanner - Scanning for api listing references
2021-12-02 17:37:46.981 default [main] INFO  c.f.inspection.InspectionApplication - Started InspectionApplication in 4.55 seconds (JVM running for 5.319)
2021-12-02 17:37:55.578 default [http-nio-8080-exec-2] INFO  o.a.c.c.C.[.[localhost].[/inspect] - Initializing Spring DispatcherServlet 'dispatcherServlet'
2021-12-02 17:37:55.579 default [http-nio-8080-exec-2] INFO  o.s.web.servlet.DispatcherServlet - Initializing Servlet 'dispatcherServlet'
2021-12-02 17:37:55.580 default [http-nio-8080-exec-2] INFO  o.s.web.servlet.DispatcherServlet - Completed initialization in 1 ms
2021-12-02 17:49:20.482 default [main] INFO  c.f.inspection.InspectionApplication - Starting InspectionApplication using Java 1.8.0_181 on orz-PC with PID 28644 (F:\Code\springboot\springboot\inspectionManage\target\classes started by luojin in F:\Code\springboot\springboot\inspectionManage)
2021-12-02 17:49:20.486 default [main] INFO  c.f.inspection.InspectionApplication - No active profile set, falling back to default profiles: default
2021-12-02 17:49:21.416 default [main] INFO  o.s.d.r.c.RepositoryConfigurationDelegate - Multiple Spring Data modules found, entering strict repository configuration mode!
2021-12-02 17:49:21.417 default [main] INFO  o.s.d.r.c.RepositoryConfigurationDelegate - Bootstrapping Spring Data JPA repositories in DEFAULT mode.
2021-12-02 17:49:21.438 default [main] INFO  o.s.d.r.c.RepositoryConfigurationDelegate - Finished Spring Data repository scanning in 11 ms. Found 0 JPA repository interfaces.
2021-12-02 17:49:21.459 default [main] INFO  o.s.d.r.c.RepositoryConfigurationDelegate - Multiple Spring Data modules found, entering strict repository configuration mode!
2021-12-02 17:49:21.461 default [main] INFO  o.s.d.r.c.RepositoryConfigurationDelegate - Bootstrapping Spring Data Redis repositories in DEFAULT mode.
2021-12-02 17:49:21.477 default [main] INFO  o.s.d.r.c.RepositoryConfigurationDelegate - Finished Spring Data repository scanning in 5 ms. Found 0 Redis repository interfaces.
2021-12-02 17:49:22.204 default [main] INFO  o.s.b.w.e.tomcat.TomcatWebServer - Tomcat initialized with port(s): 8080 (http)
2021-12-02 17:49:22.214 default [main] INFO  o.a.coyote.http11.Http11NioProtocol - Initializing ProtocolHandler ["http-nio-8080"]
2021-12-02 17:49:22.215 default [main] INFO  o.a.catalina.core.StandardService - Starting service [Tomcat]
2021-12-02 17:49:22.215 default [main] INFO  o.a.catalina.core.StandardEngine - Starting Servlet engine: [Apache Tomcat/9.0.54]
2021-12-02 17:49:22.353 default [main] INFO  o.a.c.c.C.[.[localhost].[/inspect] - Initializing Spring embedded WebApplicationContext
2021-12-02 17:49:22.354 default [main] INFO  o.s.b.w.s.c.ServletWebServerApplicationContext - Root WebApplicationContext: initialization completed in 1821 ms
2021-12-02 17:49:22.587 default [main] INFO  com.zaxxer.hikari.HikariDataSource - HikariPool-1 - Starting...
2021-12-02 17:49:22.724 default [main] INFO  com.zaxxer.hikari.HikariDataSource - HikariPool-1 - Start completed.
2021-12-02 17:49:22.768 default [main] INFO  o.h.jpa.internal.util.LogHelper - HHH000204: Processing PersistenceUnitInfo [name: default]
2021-12-02 17:49:22.817 default [main] INFO  org.hibernate.Version - HHH000412: Hibernate ORM core version 5.4.32.Final
2021-12-02 17:49:22.953 default [main] INFO  o.h.annotations.common.Version - HCANN000001: Hibernate Commons Annotations {5.1.2.Final}
2021-12-02 17:49:23.076 default [main] INFO  org.hibernate.dialect.Dialect - HHH000400: Using dialect: org.hibernate.dialect.MySQL57Dialect
2021-12-02 17:49:23.252 default [main] INFO  o.h.e.t.j.p.i.JtaPlatformInitiator - HHH000490: Using JtaPlatform implementation: [org.hibernate.engine.transaction.jta.platform.internal.NoJtaPlatform]
2021-12-02 17:49:23.266 default [main] INFO  o.s.o.j.LocalContainerEntityManagerFactoryBean - Initialized JPA EntityManagerFactory for persistence unit 'default'
2021-12-02 17:49:24.164 default [main] INFO  s.d.s.w.PropertySourcedRequestMappingHandlerMapping - Mapped URL path [/v2/api-docs] onto method [springfox.documentation.swagger2.web.Swagger2Controller#getDocumentation(String, HttpServletRequest)]
2021-12-02 17:49:24.604 default [main] INFO  o.a.coyote.http11.Http11NioProtocol - Starting ProtocolHandler ["http-nio-8080"]
2021-12-02 17:49:24.622 default [main] INFO  o.s.b.w.e.tomcat.TomcatWebServer - Tomcat started on port(s): 8080 (http) with context path '/inspect'
2021-12-02 17:49:24.623 default [main] INFO  s.d.s.w.p.DocumentationPluginsBootstrapper - Context refreshed
2021-12-02 17:49:24.640 default [main] INFO  s.d.s.w.p.DocumentationPluginsBootstrapper - Found 1 custom documentation plugin(s)
2021-12-02 17:49:24.673 default [main] INFO  s.d.s.w.s.ApiListingReferenceScanner - Scanning for api listing references
2021-12-02 17:49:24.888 default [main] INFO  c.f.inspection.InspectionApplication - Started InspectionApplication in 4.93 seconds (JVM running for 6.649)
2021-12-02 17:49:37.617 default [http-nio-8080-exec-2] INFO  o.a.c.c.C.[.[localhost].[/inspect] - Initializing Spring DispatcherServlet 'dispatcherServlet'
2021-12-02 17:49:37.618 default [http-nio-8080-exec-2] INFO  o.s.web.servlet.DispatcherServlet - Initializing Servlet 'dispatcherServlet'
2021-12-02 17:49:37.619 default [http-nio-8080-exec-2] INFO  o.s.web.servlet.DispatcherServlet - Completed initialization in 1 ms
2021-12-02 17:56:28.242 default [SpringApplicationShutdownHook] INFO  o.s.o.j.LocalContainerEntityManagerFactoryBean - Closing JPA EntityManagerFactory for persistence unit 'default'
2021-12-02 17:56:28.352 default [SpringApplicationShutdownHook] INFO  com.zaxxer.hikari.HikariDataSource - HikariPool-1 - Shutdown initiated...
2021-12-02 17:56:28.372 default [SpringApplicationShutdownHook] INFO  com.zaxxer.hikari.HikariDataSource - HikariPool-1 - Shutdown completed.
2021-12-02 17:58:41.422 default [main] INFO  c.f.inspection.InspectionApplication - Starting InspectionApplication using Java 1.8.0_181 on orz-PC with PID 32640 (F:\Code\springboot\springboot\inspectionManage\target\classes started by luojin in F:\Code\springboot\springboot\inspectionManage)
2021-12-02 17:58:41.425 default [main] INFO  c.f.inspection.InspectionApplication - No active profile set, falling back to default profiles: default
2021-12-02 17:58:42.370 default [main] INFO  o.s.d.r.c.RepositoryConfigurationDelegate - Multiple Spring Data modules found, entering strict repository configuration mode!
2021-12-02 17:58:42.370 default [main] INFO  o.s.d.r.c.RepositoryConfigurationDelegate - Bootstrapping Spring Data JPA repositories in DEFAULT mode.
2021-12-02 17:58:42.387 default [main] INFO  o.s.d.r.c.RepositoryConfigurationDelegate - Finished Spring Data repository scanning in 9 ms. Found 0 JPA repository interfaces.
2021-12-02 17:58:42.403 default [main] INFO  o.s.d.r.c.RepositoryConfigurationDelegate - Multiple Spring Data modules found, entering strict repository configuration mode!
2021-12-02 17:58:42.404 default [main] INFO  o.s.d.r.c.RepositoryConfigurationDelegate - Bootstrapping Spring Data Redis repositories in DEFAULT mode.
2021-12-02 17:58:42.417 default [main] INFO  o.s.d.r.c.RepositoryConfigurationDelegate - Finished Spring Data repository scanning in 4 ms. Found 0 Redis repository interfaces.
2021-12-02 17:58:43.022 default [main] INFO  o.s.b.w.e.tomcat.TomcatWebServer - Tomcat initialized with port(s): 8080 (http)
2021-12-02 17:58:43.031 default [main] INFO  o.a.coyote.http11.Http11NioProtocol - Initializing ProtocolHandler ["http-nio-8080"]
2021-12-02 17:58:43.032 default [main] INFO  o.a.catalina.core.StandardService - Starting service [Tomcat]
2021-12-02 17:58:43.032 default [main] INFO  o.a.catalina.core.StandardEngine - Starting Servlet engine: [Apache Tomcat/9.0.54]
2021-12-02 17:58:43.167 default [main] INFO  o.a.c.c.C.[.[localhost].[/inspect] - Initializing Spring embedded WebApplicationContext
2021-12-02 17:58:43.167 default [main] INFO  o.s.b.w.s.c.ServletWebServerApplicationContext - Root WebApplicationContext: initialization completed in 1697 ms
2021-12-02 17:58:43.359 default [main] INFO  com.zaxxer.hikari.HikariDataSource - HikariPool-1 - Starting...
2021-12-02 17:58:43.478 default [main] INFO  com.zaxxer.hikari.HikariDataSource - HikariPool-1 - Start completed.
2021-12-02 17:58:43.517 default [main] INFO  o.h.jpa.internal.util.LogHelper - HHH000204: Processing PersistenceUnitInfo [name: default]
2021-12-02 17:58:43.559 default [main] INFO  org.hibernate.Version - HHH000412: Hibernate ORM core version 5.4.32.Final
2021-12-02 17:58:43.668 default [main] INFO  o.h.annotations.common.Version - HCANN000001: Hibernate Commons Annotations {5.1.2.Final}
2021-12-02 17:58:43.767 default [main] INFO  org.hibernate.dialect.Dialect - HHH000400: Using dialect: org.hibernate.dialect.MySQL57Dialect
2021-12-02 17:58:43.916 default [main] INFO  o.h.e.t.j.p.i.JtaPlatformInitiator - HHH000490: Using JtaPlatform implementation: [org.hibernate.engine.transaction.jta.platform.internal.NoJtaPlatform]
2021-12-02 17:58:43.927 default [main] INFO  o.s.o.j.LocalContainerEntityManagerFactoryBean - Initialized JPA EntityManagerFactory for persistence unit 'default'
2021-12-02 17:58:44.705 default [main] INFO  s.d.s.w.PropertySourcedRequestMappingHandlerMapping - Mapped URL path [/v2/api-docs] onto method [springfox.documentation.swagger2.web.Swagger2Controller#getDocumentation(String, HttpServletRequest)]
2021-12-02 17:58:45.131 default [main] INFO  o.a.coyote.http11.Http11NioProtocol - Starting ProtocolHandler ["http-nio-8080"]
2021-12-02 17:58:45.147 default [main] INFO  o.s.b.w.e.tomcat.TomcatWebServer - Tomcat started on port(s): 8080 (http) with context path '/inspect'
2021-12-02 17:58:45.149 default [main] INFO  s.d.s.w.p.DocumentationPluginsBootstrapper - Context refreshed
2021-12-02 17:58:45.163 default [main] INFO  s.d.s.w.p.DocumentationPluginsBootstrapper - Found 1 custom documentation plugin(s)
2021-12-02 17:58:45.190 default [main] INFO  s.d.s.w.s.ApiListingReferenceScanner - Scanning for api listing references
2021-12-02 17:58:45.359 default [main] INFO  c.f.inspection.InspectionApplication - Started InspectionApplication in 4.499 seconds (JVM running for 5.246)
2021-12-02 17:59:22.785 default [http-nio-8080-exec-2] INFO  o.a.c.c.C.[.[localhost].[/inspect] - Initializing Spring DispatcherServlet 'dispatcherServlet'
2021-12-02 17:59:22.785 default [http-nio-8080-exec-2] INFO  o.s.web.servlet.DispatcherServlet - Initializing Servlet 'dispatcherServlet'
2021-12-02 17:59:22.786 default [http-nio-8080-exec-2] INFO  o.s.web.servlet.DispatcherServlet - Completed initialization in 1 ms
